{"C:\\Users\\princ\\OneDrive\\Desktop\\XivTech\\eslint.config.js": {"path":"C:\\Users\\princ\\OneDrive\\Desktop\\XivTech\\eslint.config.js","all":true,"statementMap":{"0":{"start":{"line":1,"column":0},"end":{"line":1,"column":27}},"1":{"start":{"line":2,"column":0},"end":{"line":2,"column":29}},"2":{"start":{"line":3,"column":0},"end":{"line":3,"column":50}},"3":{"start":{"line":4,"column":0},"end":{"line":4,"column":54}},"5":{"start":{"line":6,"column":0},"end":{"line":6,"column":16}},"6":{"start":{"line":7,"column":0},"end":{"line":7,"column":24}},"7":{"start":{"line":8,"column":0},"end":{"line":8,"column":3}},"8":{"start":{"line":9,"column":0},"end":{"line":9,"column":29}},"9":{"start":{"line":10,"column":0},"end":{"line":10,"column":22}},"10":{"start":{"line":11,"column":0},"end":{"line":11,"column":24}},"11":{"start":{"line":12,"column":0},"end":{"line":12,"column":31}},"12":{"start":{"line":13,"column":0},"end":{"line":13,"column":22}},"13":{"start":{"line":14,"column":0},"end":{"line":14,"column":30}},"14":{"start":{"line":15,"column":0},"end":{"line":15,"column":36}},"15":{"start":{"line":16,"column":0},"end":{"line":16,"column":29}},"16":{"start":{"line":17,"column":0},"end":{"line":17,"column":8}},"17":{"start":{"line":18,"column":0},"end":{"line":18,"column":6}},"18":{"start":{"line":19,"column":0},"end":{"line":19,"column":14}},"19":{"start":{"line":20,"column":0},"end":{"line":20,"column":32}},"20":{"start":{"line":21,"column":0},"end":{"line":21,"column":36}},"21":{"start":{"line":22,"column":0},"end":{"line":22,"column":6}},"22":{"start":{"line":23,"column":0},"end":{"line":23,"column":12}},"23":{"start":{"line":24,"column":0},"end":{"line":24,"column":38}},"24":{"start":{"line":25,"column":0},"end":{"line":25,"column":46}},"25":{"start":{"line":26,"column":0},"end":{"line":26,"column":68}},"26":{"start":{"line":27,"column":0},"end":{"line":27,"column":47}},"27":{"start":{"line":28,"column":0},"end":{"line":28,"column":15}},"28":{"start":{"line":29,"column":0},"end":{"line":29,"column":38}},"29":{"start":{"line":30,"column":0},"end":{"line":30,"column":8}},"30":{"start":{"line":31,"column":0},"end":{"line":31,"column":6}},"31":{"start":{"line":32,"column":0},"end":{"line":32,"column":4}},"32":{"start":{"line":33,"column":0},"end":{"line":33,"column":1}}},"s":{"0":0,"1":0,"2":0,"3":0,"5":0,"6":0,"7":0,"8":0,"9":0,"10":0,"11":0,"12":0,"13":0,"14":0,"15":0,"16":0,"17":0,"18":0,"19":0,"20":0,"21":0,"22":0,"23":0,"24":0,"25":0,"26":0,"27":0,"28":0,"29":0,"30":0,"31":0,"32":0},"branchMap":{"0":{"type":"branch","line":1,"loc":{"start":{"line":1,"column":843},"end":{"line":33,"column":1}},"locations":[{"start":{"line":1,"column":843},"end":{"line":33,"column":1}}]}},"b":{"0":[0]},"fnMap":{"0":{"name":"(empty-report)","decl":{"start":{"line":1,"column":843},"end":{"line":33,"column":1}},"loc":{"start":{"line":1,"column":843},"end":{"line":33,"column":1}},"line":1}},"f":{"0":0}}
,"C:\\Users\\princ\\OneDrive\\Desktop\\XivTech\\vite.config.js": {"path":"C:\\Users\\princ\\OneDrive\\Desktop\\XivTech\\vite.config.js","all":true,"statementMap":{"0":{"start":{"line":1,"column":0},"end":{"line":1,"column":35}},"1":{"start":{"line":2,"column":0},"end":{"line":2,"column":40}},"3":{"start":{"line":4,"column":0},"end":{"line":4,"column":27}},"4":{"start":{"line":5,"column":0},"end":{"line":5,"column":29}},"5":{"start":{"line":6,"column":0},"end":{"line":6,"column":21}},"6":{"start":{"line":7,"column":0},"end":{"line":7,"column":2}}},"s":{"0":0,"1":0,"3":0,"4":0,"5":0,"6":0},"branchMap":{"0":{"type":"branch","line":1,"loc":{"start":{"line":1,"column":160},"end":{"line":7,"column":2}},"locations":[{"start":{"line":1,"column":160},"end":{"line":7,"column":2}}]}},"b":{"0":[0]},"fnMap":{"0":{"name":"(empty-report)","decl":{"start":{"line":1,"column":160},"end":{"line":7,"column":2}},"loc":{"start":{"line":1,"column":160},"end":{"line":7,"column":2}},"line":1}},"f":{"0":0}}
,"C:\\Users\\princ\\OneDrive\\Desktop\\XivTech\\vitest.config.js": {"path":"C:\\Users\\princ\\OneDrive\\Desktop\\XivTech\\vitest.config.js","all":true,"statementMap":{"0":{"start":{"line":1,"column":0},"end":{"line":1,"column":45}},"1":{"start":{"line":2,"column":0},"end":{"line":2,"column":41}},"3":{"start":{"line":4,"column":0},"end":{"line":4,"column":29}},"4":{"start":{"line":5,"column":0},"end":{"line":5,"column":21}},"5":{"start":{"line":6,"column":0},"end":{"line":6,"column":9}},"6":{"start":{"line":7,"column":0},"end":{"line":7,"column":25}},"7":{"start":{"line":8,"column":0},"end":{"line":8,"column":18}},"8":{"start":{"line":9,"column":0},"end":{"line":9,"column":41}},"9":{"start":{"line":10,"column":0},"end":{"line":10,"column":15}},"10":{"start":{"line":11,"column":0},"end":{"line":11,"column":21}},"11":{"start":{"line":12,"column":0},"end":{"line":12,"column":41}},"12":{"start":{"line":13,"column":0},"end":{"line":13,"column":47}},"13":{"start":{"line":14,"column":0},"end":{"line":14,"column":6}},"14":{"start":{"line":15,"column":0},"end":{"line":15,"column":4}},"15":{"start":{"line":16,"column":0},"end":{"line":16,"column":3}}},"s":{"0":0,"1":0,"3":0,"4":0,"5":0,"6":0,"7":0,"8":0,"9":0,"10":0,"11":0,"12":0,"13":0,"14":0,"15":0},"branchMap":{"0":{"type":"branch","line":1,"loc":{"start":{"line":1,"column":381},"end":{"line":16,"column":3}},"locations":[{"start":{"line":1,"column":381},"end":{"line":16,"column":3}}]}},"b":{"0":[0]},"fnMap":{"0":{"name":"(empty-report)","decl":{"start":{"line":1,"column":381},"end":{"line":16,"column":3}},"loc":{"start":{"line":1,"column":381},"end":{"line":16,"column":3}},"line":1}},"f":{"0":0}}
,"C:\\Users\\princ\\OneDrive\\Desktop\\XivTech\\src\\App.jsx": {"path":"C:\\Users\\princ\\OneDrive\\Desktop\\XivTech\\src\\App.jsx","all":true,"statementMap":{"0":{"start":{"line":1,"column":0},"end":{"line":1,"column":44}},"1":{"start":{"line":2,"column":0},"end":{"line":2,"column":55}},"2":{"start":{"line":3,"column":0},"end":{"line":3,"column":39}},"3":{"start":{"line":4,"column":0},"end":{"line":4,"column":41}},"4":{"start":{"line":5,"column":0},"end":{"line":5,"column":51}},"5":{"start":{"line":6,"column":0},"end":{"line":6,"column":61}},"6":{"start":{"line":7,"column":0},"end":{"line":7,"column":49}},"7":{"start":{"line":8,"column":0},"end":{"line":8,"column":51}},"8":{"start":{"line":9,"column":0},"end":{"line":9,"column":8}},"15":{"start":{"line":16,"column":0},"end":{"line":16,"column":55}},"16":{"start":{"line":17,"column":0},"end":{"line":17,"column":8}},"27":{"start":{"line":28,"column":0},"end":{"line":28,"column":16}},"28":{"start":{"line":29,"column":0},"end":{"line":29,"column":33}},"29":{"start":{"line":30,"column":0},"end":{"line":30,"column":51}},"32":{"start":{"line":33,"column":0},"end":{"line":33,"column":83}},"33":{"start":{"line":34,"column":0},"end":{"line":34,"column":61}},"36":{"start":{"line":37,"column":0},"end":{"line":37,"column":81}},"37":{"start":{"line":38,"column":0},"end":{"line":38,"column":75}},"40":{"start":{"line":41,"column":0},"end":{"line":41,"column":53}},"43":{"start":{"line":44,"column":0},"end":{"line":44,"column":19}},"44":{"start":{"line":45,"column":0},"end":{"line":45,"column":22}},"47":{"start":{"line":48,"column":0},"end":{"line":48,"column":20}},"48":{"start":{"line":49,"column":0},"end":{"line":49,"column":48}},"49":{"start":{"line":50,"column":0},"end":{"line":50,"column":63}},"50":{"start":{"line":51,"column":0},"end":{"line":51,"column":63}},"51":{"start":{"line":52,"column":0},"end":{"line":52,"column":95}},"52":{"start":{"line":53,"column":0},"end":{"line":53,"column":5}},"53":{"start":{"line":54,"column":0},"end":{"line":54,"column":18}},"56":{"start":{"line":57,"column":0},"end":{"line":57,"column":19}},"57":{"start":{"line":58,"column":0},"end":{"line":58,"column":33}},"58":{"start":{"line":59,"column":0},"end":{"line":59,"column":17}},"61":{"start":{"line":62,"column":0},"end":{"line":62,"column":19}},"62":{"start":{"line":63,"column":0},"end":{"line":63,"column":19}},"64":{"start":{"line":65,"column":0},"end":{"line":65,"column":22}},"65":{"start":{"line":66,"column":0},"end":{"line":66,"column":11}},"66":{"start":{"line":67,"column":0},"end":{"line":67,"column":49}},"69":{"start":{"line":70,"column":0},"end":{"line":70,"column":54}},"70":{"start":{"line":71,"column":0},"end":{"line":71,"column":45}},"71":{"start":{"line":72,"column":0},"end":{"line":72,"column":11}},"74":{"start":{"line":75,"column":0},"end":{"line":75,"column":26}},"77":{"start":{"line":78,"column":0},"end":{"line":78,"column":38}},"78":{"start":{"line":79,"column":0},"end":{"line":79,"column":58}},"79":{"start":{"line":80,"column":0},"end":{"line":80,"column":40}},"80":{"start":{"line":81,"column":0},"end":{"line":81,"column":19}},"82":{"start":{"line":83,"column":0},"end":{"line":83,"column":35}},"85":{"start":{"line":86,"column":0},"end":{"line":86,"column":22}},"86":{"start":{"line":87,"column":0},"end":{"line":87,"column":31}},"87":{"start":{"line":88,"column":0},"end":{"line":88,"column":48}},"88":{"start":{"line":89,"column":0},"end":{"line":89,"column":10}},"89":{"start":{"line":90,"column":0},"end":{"line":90,"column":23}},"90":{"start":{"line":91,"column":0},"end":{"line":91,"column":62}},"91":{"start":{"line":92,"column":0},"end":{"line":92,"column":48}},"92":{"start":{"line":93,"column":0},"end":{"line":93,"column":30}},"93":{"start":{"line":94,"column":0},"end":{"line":94,"column":7}},"94":{"start":{"line":95,"column":0},"end":{"line":95,"column":12}},"96":{"start":{"line":97,"column":0},"end":{"line":97,"column":33}},"97":{"start":{"line":98,"column":0},"end":{"line":98,"column":38}},"98":{"start":{"line":99,"column":0},"end":{"line":99,"column":35}},"99":{"start":{"line":100,"column":0},"end":{"line":100,"column":15}},"102":{"start":{"line":103,"column":0},"end":{"line":103,"column":20}},"103":{"start":{"line":104,"column":0},"end":{"line":104,"column":34}},"104":{"start":{"line":105,"column":0},"end":{"line":105,"column":8}},"105":{"start":{"line":106,"column":0},"end":{"line":106,"column":5}},"106":{"start":{"line":107,"column":0},"end":{"line":107,"column":30}},"109":{"start":{"line":110,"column":0},"end":{"line":110,"column":45}},"110":{"start":{"line":111,"column":0},"end":{"line":111,"column":28}},"111":{"start":{"line":112,"column":0},"end":{"line":112,"column":33}},"112":{"start":{"line":113,"column":0},"end":{"line":113,"column":4}},"114":{"start":{"line":115,"column":0},"end":{"line":115,"column":43}},"115":{"start":{"line":116,"column":0},"end":{"line":116,"column":26}},"116":{"start":{"line":117,"column":0},"end":{"line":117,"column":31}},"117":{"start":{"line":118,"column":0},"end":{"line":118,"column":4}},"120":{"start":{"line":121,"column":0},"end":{"line":121,"column":34}},"121":{"start":{"line":122,"column":0},"end":{"line":122,"column":25}},"122":{"start":{"line":123,"column":0},"end":{"line":123,"column":34}},"123":{"start":{"line":124,"column":0},"end":{"line":124,"column":5}},"124":{"start":{"line":125,"column":0},"end":{"line":125,"column":34}},"125":{"start":{"line":126,"column":0},"end":{"line":126,"column":29}},"126":{"start":{"line":127,"column":0},"end":{"line":127,"column":39}},"127":{"start":{"line":128,"column":0},"end":{"line":128,"column":4}},"129":{"start":{"line":130,"column":0},"end":{"line":130,"column":10}},"130":{"start":{"line":131,"column":0},"end":{"line":131,"column":18}},"131":{"start":{"line":132,"column":0},"end":{"line":132,"column":16}},"132":{"start":{"line":133,"column":0},"end":{"line":133,"column":19}},"133":{"start":{"line":134,"column":0},"end":{"line":134,"column":20}},"134":{"start":{"line":135,"column":0},"end":{"line":135,"column":74}},"135":{"start":{"line":136,"column":0},"end":{"line":136,"column":20}},"136":{"start":{"line":137,"column":0},"end":{"line":137,"column":32}},"137":{"start":{"line":138,"column":0},"end":{"line":138,"column":53}},"138":{"start":{"line":139,"column":0},"end":{"line":139,"column":74}},"139":{"start":{"line":140,"column":0},"end":{"line":140,"column":27}},"140":{"start":{"line":141,"column":0},"end":{"line":141,"column":27}},"141":{"start":{"line":142,"column":0},"end":{"line":142,"column":21}},"142":{"start":{"line":143,"column":0},"end":{"line":143,"column":21}},"144":{"start":{"line":145,"column":0},"end":{"line":145,"column":19}},"145":{"start":{"line":146,"column":0},"end":{"line":146,"column":37}},"146":{"start":{"line":147,"column":0},"end":{"line":147,"column":49}},"147":{"start":{"line":148,"column":0},"end":{"line":148,"column":33}},"148":{"start":{"line":149,"column":0},"end":{"line":149,"column":45}},"149":{"start":{"line":150,"column":0},"end":{"line":150,"column":33}},"150":{"start":{"line":151,"column":0},"end":{"line":151,"column":31}},"151":{"start":{"line":152,"column":0},"end":{"line":152,"column":10}},"153":{"start":{"line":154,"column":0},"end":{"line":154,"column":20}},"154":{"start":{"line":155,"column":0},"end":{"line":155,"column":37}},"155":{"start":{"line":156,"column":0},"end":{"line":156,"column":33}},"156":{"start":{"line":157,"column":0},"end":{"line":157,"column":10}},"157":{"start":{"line":158,"column":0},"end":{"line":158,"column":20}},"158":{"start":{"line":159,"column":0},"end":{"line":159,"column":14}},"159":{"start":{"line":160,"column":0},"end":{"line":160,"column":20}},"160":{"start":{"line":161,"column":0},"end":{"line":161,"column":44}},"161":{"start":{"line":162,"column":0},"end":{"line":162,"column":55}},"162":{"start":{"line":163,"column":0},"end":{"line":163,"column":65}},"163":{"start":{"line":164,"column":0},"end":{"line":164,"column":21}},"164":{"start":{"line":165,"column":0},"end":{"line":165,"column":15}},"165":{"start":{"line":166,"column":0},"end":{"line":166,"column":19}},"167":{"start":{"line":168,"column":0},"end":{"line":168,"column":1}},"169":{"start":{"line":170,"column":0},"end":{"line":170,"column":32}},"177":{"start":{"line":178,"column":0},"end":{"line":178,"column":32}},"185":{"start":{"line":186,"column":0},"end":{"line":186,"column":30}},"199":{"start":{"line":200,"column":0},"end":{"line":200,"column":28}},"211":{"start":{"line":212,"column":0},"end":{"line":212,"column":35}},"227":{"start":{"line":228,"column":0},"end":{"line":228,"column":31}},"234":{"start":{"line":235,"column":0},"end":{"line":235,"column":29}},"242":{"start":{"line":243,"column":0},"end":{"line":243,"column":28}},"248":{"start":{"line":249,"column":0},"end":{"line":249,"column":18}}},"s":{"0":0,"1":0,"2":0,"3":0,"4":0,"5":0,"6":0,"7":0,"8":0,"15":0,"16":0,"27":0,"28":0,"29":0,"32":0,"33":0,"36":0,"37":0,"40":0,"43":0,"44":0,"47":0,"48":0,"49":0,"50":0,"51":0,"52":0,"53":0,"56":0,"57":0,"58":0,"61":0,"62":0,"64":0,"65":0,"66":0,"69":0,"70":0,"71":0,"74":0,"77":0,"78":0,"79":0,"80":0,"82":0,"85":0,"86":0,"87":0,"88":0,"89":0,"90":0,"91":0,"92":0,"93":0,"94":0,"96":0,"97":0,"98":0,"99":0,"102":0,"103":0,"104":0,"105":0,"106":0,"109":0,"110":0,"111":0,"112":0,"114":0,"115":0,"116":0,"117":0,"120":0,"121":0,"122":0,"123":0,"124":0,"125":0,"126":0,"127":0,"129":0,"130":0,"131":0,"132":0,"133":0,"134":0,"135":0,"136":0,"137":0,"138":0,"139":0,"140":0,"141":0,"142":0,"144":0,"145":0,"146":0,"147":0,"148":0,"149":0,"150":0,"151":0,"153":0,"154":0,"155":0,"156":0,"157":0,"158":0,"159":0,"160":0,"161":0,"162":0,"163":0,"164":0,"165":0,"167":0,"169":0,"177":0,"185":0,"199":0,"211":0,"227":0,"234":0,"242":0,"248":0},"branchMap":{"0":{"type":"branch","line":1,"loc":{"start":{"line":1,"column":6402},"end":{"line":249,"column":18}},"locations":[{"start":{"line":1,"column":6402},"end":{"line":249,"column":18}}]}},"b":{"0":[0]},"fnMap":{"0":{"name":"(empty-report)","decl":{"start":{"line":1,"column":6402},"end":{"line":249,"column":18}},"loc":{"start":{"line":1,"column":6402},"end":{"line":249,"column":18}},"line":1}},"f":{"0":0}}
,"C:\\Users\\princ\\OneDrive\\Desktop\\XivTech\\src\\main.jsx": {"path":"C:\\Users\\princ\\OneDrive\\Desktop\\XivTech\\src\\main.jsx","all":true,"statementMap":{"0":{"start":{"line":1,"column":0},"end":{"line":1,"column":34}},"1":{"start":{"line":2,"column":0},"end":{"line":2,"column":45}},"2":{"start":{"line":3,"column":0},"end":{"line":3,"column":38}},"3":{"start":{"line":4,"column":0},"end":{"line":4,"column":35}},"4":{"start":{"line":5,"column":0},"end":{"line":5,"column":20}},"5":{"start":{"line":6,"column":0},"end":{"line":6,"column":27}},"7":{"start":{"line":8,"column":0},"end":{"line":8,"column":51}},"8":{"start":{"line":9,"column":0},"end":{"line":9,"column":14}},"9":{"start":{"line":10,"column":0},"end":{"line":10,"column":28}},"10":{"start":{"line":11,"column":0},"end":{"line":11,"column":13}},"11":{"start":{"line":12,"column":0},"end":{"line":12,"column":15}},"12":{"start":{"line":13,"column":0},"end":{"line":13,"column":16}},"13":{"start":{"line":14,"column":0},"end":{"line":14,"column":1}}},"s":{"0":0,"1":0,"2":0,"3":0,"4":0,"5":0,"7":0,"8":0,"9":0,"10":0,"11":0,"12":0,"13":0},"branchMap":{"0":{"type":"branch","line":1,"loc":{"start":{"line":1,"column":308},"end":{"line":14,"column":-230}},"locations":[{"start":{"line":1,"column":308},"end":{"line":14,"column":-230}}]}},"b":{"0":[0]},"fnMap":{"0":{"name":"(empty-report)","decl":{"start":{"line":1,"column":308},"end":{"line":14,"column":-230}},"loc":{"start":{"line":1,"column":308},"end":{"line":14,"column":-230}},"line":1}},"f":{"0":0}}
,"C:\\Users\\princ\\OneDrive\\Desktop\\XivTech\\src\\app\\store.js": {"path":"C:\\Users\\princ\\OneDrive\\Desktop\\XivTech\\src\\app\\store.js","all":true,"statementMap":{"0":{"start":{"line":1,"column":0},"end":{"line":1,"column":50}},"1":{"start":{"line":2,"column":0},"end":{"line":2,"column":59}},"3":{"start":{"line":4,"column":0},"end":{"line":4,"column":37}},"4":{"start":{"line":5,"column":0},"end":{"line":5,"column":12}},"5":{"start":{"line":6,"column":0},"end":{"line":6,"column":26}},"6":{"start":{"line":7,"column":0},"end":{"line":7,"column":4}},"7":{"start":{"line":8,"column":0},"end":{"line":8,"column":3}}},"s":{"0":0,"1":0,"3":0,"4":0,"5":0,"6":0,"7":0},"branchMap":{"0":{"type":"branch","line":1,"loc":{"start":{"line":1,"column":198},"end":{"line":8,"column":3}},"locations":[{"start":{"line":1,"column":198},"end":{"line":8,"column":3}}]}},"b":{"0":[0]},"fnMap":{"0":{"name":"(empty-report)","decl":{"start":{"line":1,"column":198},"end":{"line":8,"column":3}},"loc":{"start":{"line":1,"column":198},"end":{"line":8,"column":3}},"line":1}},"f":{"0":0}}
,"C:\\Users\\princ\\OneDrive\\Desktop\\XivTech\\src\\components\\ConnectionStatus.jsx": {"path":"C:\\Users\\princ\\OneDrive\\Desktop\\XivTech\\src\\components\\ConnectionStatus.jsx","all":false,"statementMap":{"0":{"start":{"line":1,"column":0},"end":{"line":1,"column":26}},"1":{"start":{"line":2,"column":0},"end":{"line":2,"column":54}},"2":{"start":{"line":3,"column":0},"end":{"line":3,"column":42}},"3":{"start":{"line":4,"column":0},"end":{"line":4,"column":80}},"5":{"start":{"line":6,"column":0},"end":{"line":6,"column":32}},"6":{"start":{"line":7,"column":0},"end":{"line":7,"column":43}},"7":{"start":{"line":8,"column":0},"end":{"line":8,"column":51}},"9":{"start":{"line":10,"column":0},"end":{"line":10,"column":32}},"10":{"start":{"line":11,"column":0},"end":{"line":11,"column":21}},"11":{"start":{"line":12,"column":0},"end":{"line":12,"column":23}},"12":{"start":{"line":13,"column":0},"end":{"line":13,"column":25}},"13":{"start":{"line":14,"column":0},"end":{"line":14,"column":21}},"14":{"start":{"line":15,"column":0},"end":{"line":15,"column":25}},"15":{"start":{"line":16,"column":0},"end":{"line":16,"column":20}},"16":{"start":{"line":17,"column":0},"end":{"line":17,"column":25}},"17":{"start":{"line":18,"column":0},"end":{"line":18,"column":14}},"18":{"start":{"line":19,"column":0},"end":{"line":19,"column":25}},"19":{"start":{"line":20,"column":0},"end":{"line":20,"column":5}},"20":{"start":{"line":21,"column":0},"end":{"line":21,"column":4}},"22":{"start":{"line":23,"column":0},"end":{"line":23,"column":31}},"23":{"start":{"line":24,"column":0},"end":{"line":24,"column":21}},"24":{"start":{"line":25,"column":0},"end":{"line":25,"column":23}},"25":{"start":{"line":26,"column":0},"end":{"line":26,"column":36}},"26":{"start":{"line":27,"column":0},"end":{"line":27,"column":44}},"27":{"start":{"line":28,"column":0},"end":{"line":28,"column":35}},"28":{"start":{"line":29,"column":0},"end":{"line":29,"column":21}},"29":{"start":{"line":30,"column":0},"end":{"line":30,"column":31}},"30":{"start":{"line":31,"column":0},"end":{"line":31,"column":20}},"31":{"start":{"line":32,"column":0},"end":{"line":32,"column":35}},"32":{"start":{"line":33,"column":0},"end":{"line":33,"column":14}},"33":{"start":{"line":34,"column":0},"end":{"line":34,"column":33}},"34":{"start":{"line":35,"column":0},"end":{"line":35,"column":5}},"35":{"start":{"line":36,"column":0},"end":{"line":36,"column":4}},"37":{"start":{"line":38,"column":0},"end":{"line":38,"column":10}},"38":{"start":{"line":39,"column":0},"end":{"line":39,"column":21}},"39":{"start":{"line":40,"column":0},"end":{"line":40,"column":68}},"40":{"start":{"line":41,"column":0},"end":{"line":41,"column":48}},"41":{"start":{"line":42,"column":0},"end":{"line":42,"column":33}},"42":{"start":{"line":43,"column":0},"end":{"line":43,"column":35}},"44":{"start":{"line":45,"column":0},"end":{"line":45,"column":22}},"46":{"start":{"line":47,"column":0},"end":{"line":47,"column":2}},"48":{"start":{"line":49,"column":0},"end":{"line":49,"column":24}},"54":{"start":{"line":55,"column":0},"end":{"line":55,"column":35}},"64":{"start":{"line":65,"column":0},"end":{"line":65,"column":35}},"68":{"start":{"line":69,"column":0},"end":{"line":69,"column":45}},"69":{"start":{"line":70,"column":0},"end":{"line":70,"column":84}},"72":{"start":{"line":73,"column":0},"end":{"line":73,"column":31}},"77":{"start":{"line":78,"column":0},"end":{"line":78,"column":30}},"87":{"start":{"line":88,"column":0},"end":{"line":88,"column":32}}},"s":{"0":1,"1":1,"2":1,"3":1,"5":1,"6":8,"7":8,"9":8,"10":8,"11":8,"12":3,"13":8,"14":2,"15":8,"16":2,"17":8,"18":1,"19":8,"20":8,"22":8,"23":8,"24":8,"25":3,"26":2,"27":1,"28":8,"29":2,"30":8,"31":2,"32":8,"33":1,"34":8,"35":8,"37":8,"38":8,"39":8,"40":8,"41":8,"42":2,"44":8,"46":8,"48":1,"54":1,"64":1,"68":1,"69":1,"72":1,"77":1,"87":1},"branchMap":{"0":{"type":"branch","line":6,"loc":{"start":{"line":6,"column":25},"end":{"line":47,"column":2}},"locations":[{"start":{"line":6,"column":25},"end":{"line":47,"column":2}}]},"1":{"type":"branch","line":42,"loc":{"start":{"line":42,"column":22},"end":{"line":43,"column":35}},"locations":[{"start":{"line":42,"column":22},"end":{"line":43,"column":35}}]},"2":{"type":"branch","line":10,"loc":{"start":{"line":10,"column":25},"end":{"line":21,"column":4}},"locations":[{"start":{"line":10,"column":25},"end":{"line":21,"column":4}}]},"3":{"type":"branch","line":12,"loc":{"start":{"line":12,"column":6},"end":{"line":13,"column":25}},"locations":[{"start":{"line":12,"column":6},"end":{"line":13,"column":25}}]},"4":{"type":"branch","line":14,"loc":{"start":{"line":14,"column":6},"end":{"line":15,"column":25}},"locations":[{"start":{"line":14,"column":6},"end":{"line":15,"column":25}}]},"5":{"type":"branch","line":16,"loc":{"start":{"line":16,"column":6},"end":{"line":17,"column":25}},"locations":[{"start":{"line":16,"column":6},"end":{"line":17,"column":25}}]},"6":{"type":"branch","line":18,"loc":{"start":{"line":18,"column":6},"end":{"line":19,"column":25}},"locations":[{"start":{"line":18,"column":6},"end":{"line":19,"column":25}}]},"7":{"type":"branch","line":23,"loc":{"start":{"line":23,"column":24},"end":{"line":36,"column":4}},"locations":[{"start":{"line":23,"column":24},"end":{"line":36,"column":4}}]},"8":{"type":"branch","line":25,"loc":{"start":{"line":25,"column":6},"end":{"line":28,"column":35}},"locations":[{"start":{"line":25,"column":6},"end":{"line":28,"column":35}}]},"9":{"type":"branch","line":26,"loc":{"start":{"line":26,"column":30},"end":{"line":27,"column":44}},"locations":[{"start":{"line":26,"column":30},"end":{"line":27,"column":44}}]},"10":{"type":"branch","line":27,"loc":{"start":{"line":27,"column":12},"end":{"line":28,"column":35}},"locations":[{"start":{"line":27,"column":12},"end":{"line":28,"column":35}}]},"11":{"type":"branch","line":29,"loc":{"start":{"line":29,"column":6},"end":{"line":30,"column":31}},"locations":[{"start":{"line":29,"column":6},"end":{"line":30,"column":31}}]},"12":{"type":"branch","line":31,"loc":{"start":{"line":31,"column":6},"end":{"line":32,"column":35}},"locations":[{"start":{"line":31,"column":6},"end":{"line":32,"column":35}}]},"13":{"type":"branch","line":33,"loc":{"start":{"line":33,"column":6},"end":{"line":34,"column":33}},"locations":[{"start":{"line":33,"column":6},"end":{"line":34,"column":33}}]},"14":{"type":"branch","line":69,"loc":{"start":{"line":69,"column":22},"end":{"line":69,"column":43}},"locations":[{"start":{"line":69,"column":22},"end":{"line":69,"column":43}}]},"15":{"type":"branch","line":70,"loc":{"start":{"line":70,"column":15},"end":{"line":70,"column":68}},"locations":[{"start":{"line":70,"column":15},"end":{"line":70,"column":68}}]},"16":{"type":"branch","line":70,"loc":{"start":{"line":70,"column":42},"end":{"line":70,"column":62}},"locations":[{"start":{"line":70,"column":42},"end":{"line":70,"column":62}}]},"17":{"type":"branch","line":70,"loc":{"start":{"line":70,"column":54},"end":{"line":70,"column":68}},"locations":[{"start":{"line":70,"column":54},"end":{"line":70,"column":68}}]}},"b":{"0":[8],"1":[2],"2":[8],"3":[3],"4":[2],"5":[2],"6":[1],"7":[8],"8":[3],"9":[2],"10":[1],"11":[2],"12":[2],"13":[1],"14":[8],"15":[8],"16":[2],"17":[6]},"fnMap":{"0":{"name":"ConnectionStatus","decl":{"start":{"line":6,"column":25},"end":{"line":47,"column":2}},"loc":{"start":{"line":6,"column":25},"end":{"line":47,"column":2}},"line":6},"1":{"name":"getStatusColor","decl":{"start":{"line":10,"column":25},"end":{"line":21,"column":4}},"loc":{"start":{"line":10,"column":25},"end":{"line":21,"column":4}},"line":10},"2":{"name":"getStatusText","decl":{"start":{"line":23,"column":24},"end":{"line":36,"column":4}},"loc":{"start":{"line":23,"column":24},"end":{"line":36,"column":4}},"line":23}},"f":{"0":8,"1":8,"2":8}}
,"C:\\Users\\princ\\OneDrive\\Desktop\\XivTech\\src\\components\\CryptoTable.jsx": {"path":"C:\\Users\\princ\\OneDrive\\Desktop\\XivTech\\src\\components\\CryptoTable.jsx","all":true,"statementMap":{"0":{"start":{"line":1,"column":0},"end":{"line":1,"column":60}},"1":{"start":{"line":2,"column":0},"end":{"line":2,"column":39}},"2":{"start":{"line":3,"column":0},"end":{"line":3,"column":42}},"3":{"start":{"line":4,"column":0},"end":{"line":4,"column":66}},"4":{"start":{"line":5,"column":0},"end":{"line":5,"column":36}},"5":{"start":{"line":6,"column":0},"end":{"line":6,"column":42}},"6":{"start":{"line":7,"column":0},"end":{"line":7,"column":85}},"7":{"start":{"line":8,"column":0},"end":{"line":8,"column":89}},"9":{"start":{"line":10,"column":0},"end":{"line":10,"column":55}},"10":{"start":{"line":11,"column":0},"end":{"line":11,"column":51}},"11":{"start":{"line":12,"column":0},"end":{"line":12,"column":53}},"12":{"start":{"line":13,"column":0},"end":{"line":13,"column":83}},"15":{"start":{"line":16,"column":0},"end":{"line":16,"column":19}},"16":{"start":{"line":17,"column":0},"end":{"line":17,"column":39}},"17":{"start":{"line":18,"column":0},"end":{"line":18,"column":23}},"20":{"start":{"line":21,"column":0},"end":{"line":21,"column":30}},"21":{"start":{"line":22,"column":0},"end":{"line":22,"column":31}},"22":{"start":{"line":23,"column":0},"end":{"line":23,"column":30}},"23":{"start":{"line":24,"column":0},"end":{"line":24,"column":56}},"24":{"start":{"line":25,"column":0},"end":{"line":25,"column":14}},"25":{"start":{"line":26,"column":0},"end":{"line":26,"column":29}},"26":{"start":{"line":27,"column":0},"end":{"line":27,"column":7}},"27":{"start":{"line":28,"column":0},"end":{"line":28,"column":7}},"28":{"start":{"line":29,"column":0},"end":{"line":29,"column":4}},"31":{"start":{"line":32,"column":0},"end":{"line":32,"column":33}},"32":{"start":{"line":33,"column":0},"end":{"line":33,"column":39}},"35":{"start":{"line":36,"column":0},"end":{"line":36,"column":27}},"36":{"start":{"line":37,"column":0},"end":{"line":37,"column":21}},"37":{"start":{"line":38,"column":0},"end":{"line":38,"column":74}},"38":{"start":{"line":39,"column":0},"end":{"line":39,"column":53}},"39":{"start":{"line":40,"column":0},"end":{"line":40,"column":14}},"40":{"start":{"line":41,"column":0},"end":{"line":41,"column":20}},"41":{"start":{"line":42,"column":0},"end":{"line":42,"column":74}},"42":{"start":{"line":43,"column":0},"end":{"line":43,"column":53}},"43":{"start":{"line":44,"column":0},"end":{"line":44,"column":14}},"44":{"start":{"line":45,"column":0},"end":{"line":45,"column":20}},"45":{"start":{"line":46,"column":0},"end":{"line":46,"column":78}},"46":{"start":{"line":47,"column":0},"end":{"line":47,"column":14}},"47":{"start":{"line":48,"column":0},"end":{"line":48,"column":23}},"48":{"start":{"line":49,"column":0},"end":{"line":49,"column":78}},"49":{"start":{"line":50,"column":0},"end":{"line":50,"column":14}},"50":{"start":{"line":51,"column":0},"end":{"line":51,"column":21}},"51":{"start":{"line":52,"column":0},"end":{"line":52,"column":89}},"52":{"start":{"line":53,"column":0},"end":{"line":53,"column":14}},"53":{"start":{"line":54,"column":0},"end":{"line":54,"column":14}},"55":{"start":{"line":56,"column":0},"end":{"line":56,"column":14}},"56":{"start":{"line":57,"column":0},"end":{"line":57,"column":5}},"59":{"start":{"line":60,"column":0},"end":{"line":60,"column":33}},"60":{"start":{"line":61,"column":0},"end":{"line":61,"column":67}},"61":{"start":{"line":62,"column":0},"end":{"line":62,"column":81}},"63":{"start":{"line":64,"column":0},"end":{"line":64,"column":35}},"65":{"start":{"line":66,"column":0},"end":{"line":66,"column":42}},"66":{"start":{"line":67,"column":0},"end":{"line":67,"column":47}},"67":{"start":{"line":68,"column":0},"end":{"line":68,"column":42}},"68":{"start":{"line":69,"column":0},"end":{"line":69,"column":43}},"69":{"start":{"line":70,"column":0},"end":{"line":70,"column":9}},"72":{"start":{"line":73,"column":0},"end":{"line":73,"column":45}},"73":{"start":{"line":74,"column":0},"end":{"line":74,"column":59}},"74":{"start":{"line":75,"column":0},"end":{"line":75,"column":16}},"75":{"start":{"line":76,"column":0},"end":{"line":76,"column":59}},"76":{"start":{"line":77,"column":0},"end":{"line":77,"column":9}},"77":{"start":{"line":78,"column":0},"end":{"line":78,"column":9}},"78":{"start":{"line":79,"column":0},"end":{"line":79,"column":5}},"80":{"start":{"line":81,"column":0},"end":{"line":81,"column":24}},"81":{"start":{"line":82,"column":0},"end":{"line":82,"column":45}},"83":{"start":{"line":84,"column":0},"end":{"line":84,"column":10}},"84":{"start":{"line":85,"column":0},"end":{"line":85,"column":20}},"85":{"start":{"line":86,"column":0},"end":{"line":86,"column":19}},"86":{"start":{"line":87,"column":0},"end":{"line":87,"column":19}},"87":{"start":{"line":88,"column":0},"end":{"line":88,"column":14}},"88":{"start":{"line":89,"column":0},"end":{"line":89,"column":22}},"89":{"start":{"line":90,"column":0},"end":{"line":90,"column":25}},"90":{"start":{"line":91,"column":0},"end":{"line":91,"column":26}},"91":{"start":{"line":92,"column":0},"end":{"line":92,"column":25}},"92":{"start":{"line":93,"column":0},"end":{"line":93,"column":26}},"93":{"start":{"line":94,"column":0},"end":{"line":94,"column":25}},"94":{"start":{"line":95,"column":0},"end":{"line":95,"column":54}},"95":{"start":{"line":96,"column":0},"end":{"line":96,"column":55}},"96":{"start":{"line":97,"column":0},"end":{"line":97,"column":62}},"97":{"start":{"line":98,"column":0},"end":{"line":98,"column":32}},"98":{"start":{"line":99,"column":0},"end":{"line":99,"column":15}},"99":{"start":{"line":100,"column":0},"end":{"line":100,"column":20}},"100":{"start":{"line":101,"column":0},"end":{"line":101,"column":19}},"101":{"start":{"line":102,"column":0},"end":{"line":102,"column":35}},"102":{"start":{"line":103,"column":0},"end":{"line":103,"column":26}},"103":{"start":{"line":104,"column":0},"end":{"line":104,"column":31}},"104":{"start":{"line":105,"column":0},"end":{"line":105,"column":34}},"106":{"start":{"line":107,"column":0},"end":{"line":107,"column":35}},"107":{"start":{"line":108,"column":0},"end":{"line":108,"column":19}},"108":{"start":{"line":109,"column":0},"end":{"line":109,"column":27}},"110":{"start":{"line":111,"column":0},"end":{"line":111,"column":37}},"111":{"start":{"line":112,"column":0},"end":{"line":112,"column":23}},"112":{"start":{"line":113,"column":0},"end":{"line":113,"column":31}},"113":{"start":{"line":114,"column":0},"end":{"line":114,"column":61}},"114":{"start":{"line":115,"column":0},"end":{"line":115,"column":56}},"115":{"start":{"line":116,"column":0},"end":{"line":116,"column":53}},"117":{"start":{"line":118,"column":0},"end":{"line":118,"column":24}},"118":{"start":{"line":119,"column":0},"end":{"line":119,"column":25}},"119":{"start":{"line":120,"column":0},"end":{"line":120,"column":65}},"120":{"start":{"line":121,"column":0},"end":{"line":121,"column":35}},"121":{"start":{"line":122,"column":0},"end":{"line":122,"column":40}},"122":{"start":{"line":123,"column":0},"end":{"line":123,"column":42}},"123":{"start":{"line":124,"column":0},"end":{"line":124,"column":20}},"125":{"start":{"line":126,"column":0},"end":{"line":126,"column":66}},"126":{"start":{"line":127,"column":0},"end":{"line":127,"column":27}},"127":{"start":{"line":128,"column":0},"end":{"line":128,"column":27}},"128":{"start":{"line":129,"column":0},"end":{"line":129,"column":25}},"129":{"start":{"line":130,"column":0},"end":{"line":130,"column":24}},"131":{"start":{"line":132,"column":0},"end":{"line":132,"column":60}},"132":{"start":{"line":133,"column":0},"end":{"line":133,"column":29}},"133":{"start":{"line":134,"column":0},"end":{"line":134,"column":37}},"134":{"start":{"line":135,"column":0},"end":{"line":135,"column":37}},"135":{"start":{"line":136,"column":0},"end":{"line":136,"column":37}},"136":{"start":{"line":137,"column":0},"end":{"line":137,"column":54}},"137":{"start":{"line":138,"column":0},"end":{"line":138,"column":66}},"138":{"start":{"line":139,"column":0},"end":{"line":139,"column":22}},"139":{"start":{"line":140,"column":0},"end":{"line":140,"column":20}},"140":{"start":{"line":141,"column":0},"end":{"line":141,"column":68}},"141":{"start":{"line":142,"column":0},"end":{"line":142,"column":38}},"142":{"start":{"line":143,"column":0},"end":{"line":143,"column":21}},"143":{"start":{"line":144,"column":0},"end":{"line":144,"column":56}},"144":{"start":{"line":145,"column":0},"end":{"line":145,"column":62}},"145":{"start":{"line":146,"column":0},"end":{"line":146,"column":22}},"146":{"start":{"line":147,"column":0},"end":{"line":147,"column":25}},"147":{"start":{"line":148,"column":0},"end":{"line":148,"column":18}},"148":{"start":{"line":149,"column":0},"end":{"line":149,"column":29}},"149":{"start":{"line":150,"column":0},"end":{"line":150,"column":38}},"150":{"start":{"line":151,"column":0},"end":{"line":151,"column":69}},"151":{"start":{"line":152,"column":0},"end":{"line":152,"column":50}},"152":{"start":{"line":153,"column":0},"end":{"line":153,"column":28}},"153":{"start":{"line":154,"column":0},"end":{"line":154,"column":18}},"154":{"start":{"line":155,"column":0},"end":{"line":155,"column":19}},"155":{"start":{"line":156,"column":0},"end":{"line":156,"column":56}},"156":{"start":{"line":157,"column":0},"end":{"line":157,"column":59}},"157":{"start":{"line":158,"column":0},"end":{"line":158,"column":52}},"158":{"start":{"line":159,"column":0},"end":{"line":159,"column":34}},"159":{"start":{"line":160,"column":0},"end":{"line":160,"column":51}},"160":{"start":{"line":161,"column":0},"end":{"line":161,"column":31}},"161":{"start":{"line":162,"column":0},"end":{"line":162,"column":57}},"162":{"start":{"line":163,"column":0},"end":{"line":163,"column":60}},"163":{"start":{"line":164,"column":0},"end":{"line":164,"column":53}},"164":{"start":{"line":165,"column":0},"end":{"line":165,"column":34}},"165":{"start":{"line":166,"column":0},"end":{"line":166,"column":52}},"166":{"start":{"line":167,"column":0},"end":{"line":167,"column":31}},"167":{"start":{"line":168,"column":0},"end":{"line":168,"column":56}},"168":{"start":{"line":169,"column":0},"end":{"line":169,"column":59}},"169":{"start":{"line":170,"column":0},"end":{"line":170,"column":52}},"170":{"start":{"line":171,"column":0},"end":{"line":171,"column":34}},"171":{"start":{"line":172,"column":0},"end":{"line":172,"column":51}},"172":{"start":{"line":173,"column":0},"end":{"line":173,"column":31}},"173":{"start":{"line":174,"column":0},"end":{"line":174,"column":57}},"174":{"start":{"line":175,"column":0},"end":{"line":175,"column":26}},"175":{"start":{"line":176,"column":0},"end":{"line":176,"column":61}},"176":{"start":{"line":177,"column":0},"end":{"line":177,"column":60}},"177":{"start":{"line":178,"column":0},"end":{"line":178,"column":27}},"178":{"start":{"line":179,"column":0},"end":{"line":179,"column":26}},"179":{"start":{"line":180,"column":0},"end":{"line":180,"column":26}},"180":{"start":{"line":181,"column":0},"end":{"line":181,"column":105}},"181":{"start":{"line":182,"column":0},"end":{"line":182,"column":18}},"182":{"start":{"line":183,"column":0},"end":{"line":183,"column":21}},"183":{"start":{"line":184,"column":0},"end":{"line":184,"column":74}},"184":{"start":{"line":185,"column":0},"end":{"line":185,"column":22}},"185":{"start":{"line":186,"column":0},"end":{"line":186,"column":27}},"186":{"start":{"line":187,"column":0},"end":{"line":187,"column":18}},"187":{"start":{"line":188,"column":0},"end":{"line":188,"column":83}},"188":{"start":{"line":189,"column":0},"end":{"line":189,"column":19}},"189":{"start":{"line":190,"column":0},"end":{"line":190,"column":23}},"190":{"start":{"line":191,"column":0},"end":{"line":191,"column":14}},"192":{"start":{"line":193,"column":0},"end":{"line":193,"column":20}},"193":{"start":{"line":194,"column":0},"end":{"line":194,"column":20}},"194":{"start":{"line":195,"column":0},"end":{"line":195,"column":21}},"196":{"start":{"line":197,"column":0},"end":{"line":197,"column":2}},"199":{"start":{"line":200,"column":0},"end":{"line":200,"column":34}},"208":{"start":{"line":209,"column":0},"end":{"line":209,"column":33}},"215":{"start":{"line":216,"column":0},"end":{"line":216,"column":31}},"229":{"start":{"line":230,"column":0},"end":{"line":230,"column":29}},"236":{"start":{"line":237,"column":0},"end":{"line":237,"column":31}},"242":{"start":{"line":243,"column":0},"end":{"line":243,"column":27}},"244":{"start":{"line":245,"column":0},"end":{"line":245,"column":98}},"255":{"start":{"line":256,"column":0},"end":{"line":256,"column":27}},"261":{"start":{"line":262,"column":0},"end":{"line":262,"column":29}},"262":{"start":{"line":263,"column":0},"end":{"line":263,"column":94}},"272":{"start":{"line":273,"column":0},"end":{"line":273,"column":27}},"278":{"start":{"line":279,"column":0},"end":{"line":279,"column":39}},"282":{"start":{"line":283,"column":0},"end":{"line":283,"column":59}},"290":{"start":{"line":291,"column":0},"end":{"line":291,"column":30}},"296":{"start":{"line":297,"column":0},"end":{"line":297,"column":32}},"310":{"start":{"line":311,"column":0},"end":{"line":311,"column":30}},"315":{"start":{"line":316,"column":0},"end":{"line":316,"column":32}},"320":{"start":{"line":321,"column":0},"end":{"line":321,"column":28}},"324":{"start":{"line":325,"column":0},"end":{"line":325,"column":33}},"325":{"start":{"line":326,"column":0},"end":{"line":326,"column":93}},"332":{"start":{"line":333,"column":0},"end":{"line":333,"column":36}},"334":{"start":{"line":335,"column":0},"end":{"line":335,"column":93}},"337":{"start":{"line":338,"column":0},"end":{"line":338,"column":29}},"342":{"start":{"line":343,"column":0},"end":{"line":343,"column":33}},"347":{"start":{"line":348,"column":0},"end":{"line":348,"column":29}},"353":{"start":{"line":354,"column":0},"end":{"line":354,"column":29}},"367":{"start":{"line":368,"column":0},"end":{"line":368,"column":39}},"373":{"start":{"line":374,"column":0},"end":{"line":374,"column":31}},"377":{"start":{"line":378,"column":0},"end":{"line":378,"column":36}},"388":{"start":{"line":389,"column":0},"end":{"line":389,"column":27}}},"s":{"0":0,"1":0,"2":0,"3":0,"4":0,"5":0,"6":0,"7":0,"9":0,"10":0,"11":0,"12":0,"15":0,"16":0,"17":0,"20":0,"21":0,"22":0,"23":0,"24":0,"25":0,"26":0,"27":0,"28":0,"31":0,"32":0,"35":0,"36":0,"37":0,"38":0,"39":0,"40":0,"41":0,"42":0,"43":0,"44":0,"45":0,"46":0,"47":0,"48":0,"49":0,"50":0,"51":0,"52":0,"53":0,"55":0,"56":0,"59":0,"60":0,"61":0,"63":0,"65":0,"66":0,"67":0,"68":0,"69":0,"72":0,"73":0,"74":0,"75":0,"76":0,"77":0,"78":0,"80":0,"81":0,"83":0,"84":0,"85":0,"86":0,"87":0,"88":0,"89":0,"90":0,"91":0,"92":0,"93":0,"94":0,"95":0,"96":0,"97":0,"98":0,"99":0,"100":0,"101":0,"102":0,"103":0,"104":0,"106":0,"107":0,"108":0,"110":0,"111":0,"112":0,"113":0,"114":0,"115":0,"117":0,"118":0,"119":0,"120":0,"121":0,"122":0,"123":0,"125":0,"126":0,"127":0,"128":0,"129":0,"131":0,"132":0,"133":0,"134":0,"135":0,"136":0,"137":0,"138":0,"139":0,"140":0,"141":0,"142":0,"143":0,"144":0,"145":0,"146":0,"147":0,"148":0,"149":0,"150":0,"151":0,"152":0,"153":0,"154":0,"155":0,"156":0,"157":0,"158":0,"159":0,"160":0,"161":0,"162":0,"163":0,"164":0,"165":0,"166":0,"167":0,"168":0,"169":0,"170":0,"171":0,"172":0,"173":0,"174":0,"175":0,"176":0,"177":0,"178":0,"179":0,"180":0,"181":0,"182":0,"183":0,"184":0,"185":0,"186":0,"187":0,"188":0,"189":0,"190":0,"192":0,"193":0,"194":0,"196":0,"199":0,"208":0,"215":0,"229":0,"236":0,"242":0,"244":0,"255":0,"261":0,"262":0,"272":0,"278":0,"282":0,"290":0,"296":0,"310":0,"315":0,"320":0,"324":0,"325":0,"332":0,"334":0,"337":0,"342":0,"347":0,"353":0,"367":0,"373":0,"377":0,"388":0},"branchMap":{"0":{"type":"branch","line":1,"loc":{"start":{"line":1,"column":10883},"end":{"line":389,"column":27}},"locations":[{"start":{"line":1,"column":10883},"end":{"line":389,"column":27}}]}},"b":{"0":[0]},"fnMap":{"0":{"name":"(empty-report)","decl":{"start":{"line":1,"column":10883},"end":{"line":389,"column":27}},"loc":{"start":{"line":1,"column":10883},"end":{"line":389,"column":27}},"line":1}},"f":{"0":0}}
,"C:\\Users\\princ\\OneDrive\\Desktop\\XivTech\\src\\components\\FilterSort.jsx": {"path":"C:\\Users\\princ\\OneDrive\\Desktop\\XivTech\\src\\components\\FilterSort.jsx","all":true,"statementMap":{"0":{"start":{"line":1,"column":0},"end":{"line":1,"column":26}},"1":{"start":{"line":2,"column":0},"end":{"line":2,"column":39}},"2":{"start":{"line":3,"column":0},"end":{"line":3,"column":42}},"3":{"start":{"line":4,"column":0},"end":{"line":4,"column":66}},"4":{"start":{"line":5,"column":0},"end":{"line":5,"column":69}},"6":{"start":{"line":7,"column":0},"end":{"line":7,"column":21}},"7":{"start":{"line":8,"column":0},"end":{"line":8,"column":15}},"8":{"start":{"line":9,"column":0},"end":{"line":9,"column":18}},"9":{"start":{"line":10,"column":0},"end":{"line":10,"column":13}},"10":{"start":{"line":11,"column":0},"end":{"line":11,"column":16}},"11":{"start":{"line":12,"column":0},"end":{"line":12,"column":13}},"12":{"start":{"line":13,"column":0},"end":{"line":13,"column":11}},"13":{"start":{"line":14,"column":0},"end":{"line":14,"column":7}},"15":{"start":{"line":16,"column":0},"end":{"line":16,"column":51}},"18":{"start":{"line":19,"column":0},"end":{"line":19,"column":46}},"21":{"start":{"line":22,"column":0},"end":{"line":22,"column":18}},"22":{"start":{"line":23,"column":0},"end":{"line":23,"column":27}},"23":{"start":{"line":24,"column":0},"end":{"line":24,"column":35}},"24":{"start":{"line":25,"column":0},"end":{"line":25,"column":70}},"25":{"start":{"line":26,"column":0},"end":{"line":26,"column":69}},"26":{"start":{"line":27,"column":0},"end":{"line":27,"column":30}},"27":{"start":{"line":28,"column":0},"end":{"line":28,"column":32}},"28":{"start":{"line":29,"column":0},"end":{"line":29,"column":4}},"30":{"start":{"line":31,"column":0},"end":{"line":31,"column":25}},"31":{"start":{"line":32,"column":0},"end":{"line":32,"column":49}},"32":{"start":{"line":33,"column":0},"end":{"line":33,"column":51}},"33":{"start":{"line":34,"column":0},"end":{"line":34,"column":50}},"34":{"start":{"line":35,"column":0},"end":{"line":35,"column":48}},"35":{"start":{"line":36,"column":0},"end":{"line":36,"column":46}},"36":{"start":{"line":37,"column":0},"end":{"line":37,"column":53}},"37":{"start":{"line":38,"column":0},"end":{"line":38,"column":4}},"40":{"start":{"line":41,"column":0},"end":{"line":41,"column":23}},"41":{"start":{"line":42,"column":0},"end":{"line":42,"column":47}},"42":{"start":{"line":43,"column":0},"end":{"line":43,"column":49}},"43":{"start":{"line":44,"column":0},"end":{"line":44,"column":52}},"44":{"start":{"line":45,"column":0},"end":{"line":45,"column":57}},"45":{"start":{"line":46,"column":0},"end":{"line":46,"column":60}},"46":{"start":{"line":47,"column":0},"end":{"line":47,"column":57}},"47":{"start":{"line":48,"column":0},"end":{"line":48,"column":65}},"48":{"start":{"line":49,"column":0},"end":{"line":49,"column":58}},"49":{"start":{"line":50,"column":0},"end":{"line":50,"column":4}},"52":{"start":{"line":53,"column":0},"end":{"line":53,"column":44}},"53":{"start":{"line":54,"column":0},"end":{"line":54,"column":30}},"54":{"start":{"line":55,"column":0},"end":{"line":55,"column":4}},"57":{"start":{"line":58,"column":0},"end":{"line":58,"column":40}},"58":{"start":{"line":59,"column":0},"end":{"line":59,"column":74}},"60":{"start":{"line":61,"column":0},"end":{"line":61,"column":16}},"62":{"start":{"line":63,"column":0},"end":{"line":63,"column":39}},"63":{"start":{"line":64,"column":0},"end":{"line":64,"column":23}},"64":{"start":{"line":65,"column":0},"end":{"line":65,"column":16}},"65":{"start":{"line":66,"column":0},"end":{"line":66,"column":68}},"66":{"start":{"line":67,"column":0},"end":{"line":67,"column":11}},"67":{"start":{"line":68,"column":0},"end":{"line":68,"column":14}},"69":{"start":{"line":70,"column":0},"end":{"line":70,"column":67}},"70":{"start":{"line":71,"column":0},"end":{"line":71,"column":62}},"71":{"start":{"line":72,"column":0},"end":{"line":72,"column":7}},"72":{"start":{"line":73,"column":0},"end":{"line":73,"column":5}},"73":{"start":{"line":74,"column":0},"end":{"line":74,"column":4}},"76":{"start":{"line":77,"column":0},"end":{"line":77,"column":35}},"77":{"start":{"line":78,"column":0},"end":{"line":78,"column":32}},"79":{"start":{"line":80,"column":0},"end":{"line":80,"column":46}},"80":{"start":{"line":81,"column":0},"end":{"line":81,"column":27}},"81":{"start":{"line":82,"column":0},"end":{"line":82,"column":79}},"83":{"start":{"line":84,"column":0},"end":{"line":84,"column":24}},"84":{"start":{"line":85,"column":0},"end":{"line":85,"column":25}},"85":{"start":{"line":86,"column":0},"end":{"line":86,"column":32}},"86":{"start":{"line":87,"column":0},"end":{"line":87,"column":32}},"87":{"start":{"line":88,"column":0},"end":{"line":88,"column":36}},"88":{"start":{"line":89,"column":0},"end":{"line":89,"column":30}},"89":{"start":{"line":90,"column":0},"end":{"line":90,"column":47}},"90":{"start":{"line":91,"column":0},"end":{"line":91,"column":31}},"91":{"start":{"line":92,"column":0},"end":{"line":92,"column":45}},"92":{"start":{"line":93,"column":0},"end":{"line":93,"column":73}},"93":{"start":{"line":94,"column":0},"end":{"line":94,"column":12}},"94":{"start":{"line":95,"column":0},"end":{"line":95,"column":63}},"95":{"start":{"line":96,"column":0},"end":{"line":96,"column":46}},"96":{"start":{"line":97,"column":0},"end":{"line":97,"column":5}},"98":{"start":{"line":99,"column":0},"end":{"line":99,"column":67}},"99":{"start":{"line":100,"column":0},"end":{"line":100,"column":4}},"101":{"start":{"line":102,"column":0},"end":{"line":102,"column":10}},"102":{"start":{"line":103,"column":0},"end":{"line":103,"column":15}},"103":{"start":{"line":104,"column":0},"end":{"line":104,"column":21}},"104":{"start":{"line":105,"column":0},"end":{"line":105,"column":24}},"105":{"start":{"line":106,"column":0},"end":{"line":106,"column":39}},"106":{"start":{"line":107,"column":0},"end":{"line":107,"column":31}},"107":{"start":{"line":108,"column":0},"end":{"line":108,"column":25}},"110":{"start":{"line":111,"column":0},"end":{"line":111,"column":21}},"111":{"start":{"line":112,"column":0},"end":{"line":112,"column":43}},"112":{"start":{"line":113,"column":0},"end":{"line":113,"column":21}},"113":{"start":{"line":114,"column":0},"end":{"line":114,"column":40}},"114":{"start":{"line":115,"column":0},"end":{"line":115,"column":25}},"115":{"start":{"line":116,"column":0},"end":{"line":116,"column":29}},"116":{"start":{"line":117,"column":0},"end":{"line":117,"column":50}},"117":{"start":{"line":118,"column":0},"end":{"line":118,"column":59}},"119":{"start":{"line":120,"column":0},"end":{"line":120,"column":69}},"120":{"start":{"line":121,"column":0},"end":{"line":121,"column":28}},"121":{"start":{"line":122,"column":0},"end":{"line":122,"column":95}},"122":{"start":{"line":123,"column":0},"end":{"line":123,"column":27}},"123":{"start":{"line":124,"column":0},"end":{"line":124,"column":13}},"124":{"start":{"line":125,"column":0},"end":{"line":125,"column":22}},"125":{"start":{"line":126,"column":0},"end":{"line":126,"column":22}},"127":{"start":{"line":128,"column":0},"end":{"line":128,"column":19}},"128":{"start":{"line":129,"column":0},"end":{"line":129,"column":44}},"129":{"start":{"line":130,"column":0},"end":{"line":130,"column":21}},"130":{"start":{"line":131,"column":0},"end":{"line":131,"column":38}},"131":{"start":{"line":132,"column":0},"end":{"line":132,"column":23}},"132":{"start":{"line":133,"column":0},"end":{"line":133,"column":29}},"133":{"start":{"line":134,"column":0},"end":{"line":134,"column":57}},"134":{"start":{"line":135,"column":0},"end":{"line":135,"column":90}},"135":{"start":{"line":136,"column":0},"end":{"line":136,"column":57}},"137":{"start":{"line":138,"column":0},"end":{"line":138,"column":28}},"138":{"start":{"line":139,"column":0},"end":{"line":139,"column":53}},"139":{"start":{"line":140,"column":0},"end":{"line":140,"column":60}},"140":{"start":{"line":141,"column":0},"end":{"line":141,"column":62}},"141":{"start":{"line":142,"column":0},"end":{"line":142,"column":27}},"143":{"start":{"line":144,"column":0},"end":{"line":144,"column":25}},"144":{"start":{"line":145,"column":0},"end":{"line":145,"column":13}},"145":{"start":{"line":146,"column":0},"end":{"line":146,"column":22}},"146":{"start":{"line":147,"column":0},"end":{"line":147,"column":20}},"148":{"start":{"line":149,"column":0},"end":{"line":149,"column":55}},"149":{"start":{"line":150,"column":0},"end":{"line":150,"column":64}},"150":{"start":{"line":151,"column":0},"end":{"line":151,"column":24}},"151":{"start":{"line":152,"column":0},"end":{"line":152,"column":16}},"153":{"start":{"line":154,"column":0},"end":{"line":154,"column":2}},"155":{"start":{"line":156,"column":0},"end":{"line":156,"column":29}},"167":{"start":{"line":168,"column":0},"end":{"line":168,"column":33}},"173":{"start":{"line":174,"column":0},"end":{"line":174,"column":31}},"179":{"start":{"line":180,"column":0},"end":{"line":180,"column":31}},"186":{"start":{"line":187,"column":0},"end":{"line":187,"column":31}},"192":{"start":{"line":193,"column":0},"end":{"line":193,"column":33}},"200":{"start":{"line":201,"column":0},"end":{"line":201,"column":87}},"201":{"start":{"line":202,"column":0},"end":{"line":202,"column":75}},"204":{"start":{"line":205,"column":0},"end":{"line":205,"column":100}},"208":{"start":{"line":209,"column":0},"end":{"line":209,"column":40}},"215":{"start":{"line":216,"column":0},"end":{"line":216,"column":31}},"221":{"start":{"line":222,"column":0},"end":{"line":222,"column":31}},"222":{"start":{"line":223,"column":0},"end":{"line":223,"column":102}},"223":{"start":{"line":224,"column":0},"end":{"line":224,"column":70}},"230":{"start":{"line":231,"column":0},"end":{"line":231,"column":38}},"236":{"start":{"line":237,"column":0},"end":{"line":237,"column":29}},"241":{"start":{"line":242,"column":0},"end":{"line":242,"column":34}},"254":{"start":{"line":255,"column":0},"end":{"line":255,"column":32}},"258":{"start":{"line":259,"column":0},"end":{"line":259,"column":35}},"266":{"start":{"line":267,"column":0},"end":{"line":267,"column":96}},"270":{"start":{"line":271,"column":0},"end":{"line":271,"column":26}}},"s":{"0":0,"1":0,"2":0,"3":0,"4":0,"6":0,"7":0,"8":0,"9":0,"10":0,"11":0,"12":0,"13":0,"15":0,"18":0,"21":0,"22":0,"23":0,"24":0,"25":0,"26":0,"27":0,"28":0,"30":0,"31":0,"32":0,"33":0,"34":0,"35":0,"36":0,"37":0,"40":0,"41":0,"42":0,"43":0,"44":0,"45":0,"46":0,"47":0,"48":0,"49":0,"52":0,"53":0,"54":0,"57":0,"58":0,"60":0,"62":0,"63":0,"64":0,"65":0,"66":0,"67":0,"69":0,"70":0,"71":0,"72":0,"73":0,"76":0,"77":0,"79":0,"80":0,"81":0,"83":0,"84":0,"85":0,"86":0,"87":0,"88":0,"89":0,"90":0,"91":0,"92":0,"93":0,"94":0,"95":0,"96":0,"98":0,"99":0,"101":0,"102":0,"103":0,"104":0,"105":0,"106":0,"107":0,"110":0,"111":0,"112":0,"113":0,"114":0,"115":0,"116":0,"117":0,"119":0,"120":0,"121":0,"122":0,"123":0,"124":0,"125":0,"127":0,"128":0,"129":0,"130":0,"131":0,"132":0,"133":0,"134":0,"135":0,"137":0,"138":0,"139":0,"140":0,"141":0,"143":0,"144":0,"145":0,"146":0,"148":0,"149":0,"150":0,"151":0,"153":0,"155":0,"167":0,"173":0,"179":0,"186":0,"192":0,"200":0,"201":0,"204":0,"208":0,"215":0,"221":0,"222":0,"223":0,"230":0,"236":0,"241":0,"254":0,"258":0,"266":0,"270":0},"branchMap":{"0":{"type":"branch","line":1,"loc":{"start":{"line":1,"column":7559},"end":{"line":271,"column":26}},"locations":[{"start":{"line":1,"column":7559},"end":{"line":271,"column":26}}]}},"b":{"0":[0]},"fnMap":{"0":{"name":"(empty-report)","decl":{"start":{"line":1,"column":7559},"end":{"line":271,"column":26}},"loc":{"start":{"line":1,"column":7559},"end":{"line":271,"column":26}},"line":1}},"f":{"0":0}}
,"C:\\Users\\princ\\OneDrive\\Desktop\\XivTech\\src\\components\\Header.jsx": {"path":"C:\\Users\\princ\\OneDrive\\Desktop\\XivTech\\src\\components\\Header.jsx","all":true,"statementMap":{"0":{"start":{"line":1,"column":0},"end":{"line":1,"column":51}},"1":{"start":{"line":2,"column":0},"end":{"line":2,"column":54}},"2":{"start":{"line":3,"column":0},"end":{"line":3,"column":42}},"4":{"start":{"line":5,"column":0},"end":{"line":5,"column":22}},"5":{"start":{"line":6,"column":0},"end":{"line":6,"column":58}},"6":{"start":{"line":7,"column":0},"end":{"line":7,"column":58}},"9":{"start":{"line":10,"column":0},"end":{"line":10,"column":19}},"10":{"start":{"line":11,"column":0},"end":{"line":11,"column":40}},"11":{"start":{"line":12,"column":0},"end":{"line":12,"column":50}},"12":{"start":{"line":13,"column":0},"end":{"line":13,"column":41}},"13":{"start":{"line":14,"column":0},"end":{"line":14,"column":56}},"14":{"start":{"line":15,"column":0},"end":{"line":15,"column":37}},"15":{"start":{"line":16,"column":0},"end":{"line":16,"column":13}},"17":{"start":{"line":18,"column":0},"end":{"line":18,"column":41}},"18":{"start":{"line":19,"column":0},"end":{"line":19,"column":9}},"20":{"start":{"line":21,"column":0},"end":{"line":21,"column":10}},"21":{"start":{"line":22,"column":0},"end":{"line":22,"column":21}},"22":{"start":{"line":23,"column":0},"end":{"line":23,"column":21}},"23":{"start":{"line":24,"column":0},"end":{"line":24,"column":21}},"24":{"start":{"line":25,"column":0},"end":{"line":25,"column":16}},"25":{"start":{"line":26,"column":0},"end":{"line":26,"column":22}},"26":{"start":{"line":27,"column":0},"end":{"line":27,"column":40}},"27":{"start":{"line":28,"column":0},"end":{"line":28,"column":23}},"28":{"start":{"line":29,"column":0},"end":{"line":29,"column":46}},"29":{"start":{"line":30,"column":0},"end":{"line":30,"column":17}},"30":{"start":{"line":31,"column":0},"end":{"line":31,"column":69}},"31":{"start":{"line":32,"column":0},"end":{"line":32,"column":23}},"32":{"start":{"line":33,"column":0},"end":{"line":33,"column":22}},"33":{"start":{"line":34,"column":0},"end":{"line":34,"column":44}},"34":{"start":{"line":35,"column":0},"end":{"line":35,"column":43}},"35":{"start":{"line":36,"column":0},"end":{"line":36,"column":23}},"36":{"start":{"line":37,"column":0},"end":{"line":37,"column":22}},"37":{"start":{"line":38,"column":0},"end":{"line":38,"column":46}},"38":{"start":{"line":39,"column":0},"end":{"line":39,"column":40}},"39":{"start":{"line":40,"column":0},"end":{"line":40,"column":23}},"40":{"start":{"line":41,"column":0},"end":{"line":41,"column":22}},"41":{"start":{"line":42,"column":0},"end":{"line":42,"column":47}},"42":{"start":{"line":43,"column":0},"end":{"line":43,"column":43}},"43":{"start":{"line":44,"column":0},"end":{"line":44,"column":23}},"44":{"start":{"line":45,"column":0},"end":{"line":45,"column":24}},"45":{"start":{"line":46,"column":0},"end":{"line":46,"column":22}},"47":{"start":{"line":48,"column":0},"end":{"line":48,"column":22}},"48":{"start":{"line":49,"column":0},"end":{"line":49,"column":47}},"49":{"start":{"line":50,"column":0},"end":{"line":50,"column":52}},"50":{"start":{"line":51,"column":0},"end":{"line":51,"column":45}},"51":{"start":{"line":52,"column":0},"end":{"line":52,"column":27}},"52":{"start":{"line":53,"column":0},"end":{"line":53,"column":36}},"53":{"start":{"line":54,"column":0},"end":{"line":54,"column":50}},"54":{"start":{"line":55,"column":0},"end":{"line":55,"column":70}},"55":{"start":{"line":56,"column":0},"end":{"line":56,"column":26}},"56":{"start":{"line":57,"column":0},"end":{"line":57,"column":33}},"57":{"start":{"line":58,"column":0},"end":{"line":58,"column":16}},"58":{"start":{"line":59,"column":0},"end":{"line":59,"column":18}},"59":{"start":{"line":60,"column":0},"end":{"line":60,"column":24}},"60":{"start":{"line":61,"column":0},"end":{"line":61,"column":23}},"61":{"start":{"line":62,"column":0},"end":{"line":62,"column":22}},"62":{"start":{"line":63,"column":0},"end":{"line":63,"column":22}},"64":{"start":{"line":65,"column":0},"end":{"line":65,"column":2}},"67":{"start":{"line":68,"column":0},"end":{"line":68,"column":24}},"73":{"start":{"line":74,"column":0},"end":{"line":74,"column":25}},"78":{"start":{"line":79,"column":0},"end":{"line":79,"column":30}},"85":{"start":{"line":86,"column":0},"end":{"line":86,"column":25}},"91":{"start":{"line":92,"column":0},"end":{"line":92,"column":38}},"114":{"start":{"line":115,"column":0},"end":{"line":115,"column":33}},"130":{"start":{"line":131,"column":0},"end":{"line":131,"column":31}},"136":{"start":{"line":137,"column":0},"end":{"line":137,"column":32}},"140":{"start":{"line":141,"column":0},"end":{"line":141,"column":35}},"143":{"start":{"line":144,"column":0},"end":{"line":144,"column":24}},"149":{"start":{"line":150,"column":0},"end":{"line":150,"column":28}},"160":{"start":{"line":161,"column":0},"end":{"line":161,"column":31}},"163":{"start":{"line":164,"column":0},"end":{"line":164,"column":43}},"166":{"start":{"line":167,"column":0},"end":{"line":167,"column":27}},"176":{"start":{"line":177,"column":0},"end":{"line":177,"column":26}},"182":{"start":{"line":183,"column":0},"end":{"line":183,"column":31}},"193":{"start":{"line":194,"column":0},"end":{"line":194,"column":28}},"199":{"start":{"line":200,"column":0},"end":{"line":200,"column":30}},"204":{"start":{"line":205,"column":0},"end":{"line":205,"column":30}},"209":{"start":{"line":210,"column":0},"end":{"line":210,"column":31}},"224":{"start":{"line":225,"column":0},"end":{"line":225,"column":36}},"229":{"start":{"line":230,"column":0},"end":{"line":230,"column":75}},"233":{"start":{"line":234,"column":0},"end":{"line":234,"column":30}},"240":{"start":{"line":241,"column":0},"end":{"line":241,"column":22}}},"s":{"0":0,"1":0,"2":0,"4":0,"5":0,"6":0,"9":0,"10":0,"11":0,"12":0,"13":0,"14":0,"15":0,"17":0,"18":0,"20":0,"21":0,"22":0,"23":0,"24":0,"25":0,"26":0,"27":0,"28":0,"29":0,"30":0,"31":0,"32":0,"33":0,"34":0,"35":0,"36":0,"37":0,"38":0,"39":0,"40":0,"41":0,"42":0,"43":0,"44":0,"45":0,"47":0,"48":0,"49":0,"50":0,"51":0,"52":0,"53":0,"54":0,"55":0,"56":0,"57":0,"58":0,"59":0,"60":0,"61":0,"62":0,"64":0,"67":0,"73":0,"78":0,"85":0,"91":0,"114":0,"130":0,"136":0,"140":0,"143":0,"149":0,"160":0,"163":0,"166":0,"176":0,"182":0,"193":0,"199":0,"204":0,"209":0,"224":0,"229":0,"233":0,"240":0},"branchMap":{"0":{"type":"branch","line":1,"loc":{"start":{"line":1,"column":5619},"end":{"line":241,"column":22}},"locations":[{"start":{"line":1,"column":5619},"end":{"line":241,"column":22}}]}},"b":{"0":[0]},"fnMap":{"0":{"name":"(empty-report)","decl":{"start":{"line":1,"column":5619},"end":{"line":241,"column":22}},"loc":{"start":{"line":1,"column":5619},"end":{"line":241,"column":22}},"line":1}},"f":{"0":0}}
,"C:\\Users\\princ\\OneDrive\\Desktop\\XivTech\\src\\components\\MiniChart.jsx": {"path":"C:\\Users\\princ\\OneDrive\\Desktop\\XivTech\\src\\components\\MiniChart.jsx","all":true,"statementMap":{"0":{"start":{"line":1,"column":0},"end":{"line":1,"column":26}},"1":{"start":{"line":2,"column":0},"end":{"line":2,"column":39}},"2":{"start":{"line":3,"column":0},"end":{"line":3,"column":8}},"13":{"start":{"line":14,"column":0},"end":{"line":14,"column":17}},"14":{"start":{"line":15,"column":0},"end":{"line":15,"column":16}},"15":{"start":{"line":16,"column":0},"end":{"line":16,"column":14}},"16":{"start":{"line":17,"column":0},"end":{"line":17,"column":15}},"17":{"start":{"line":18,"column":0},"end":{"line":18,"column":14}},"18":{"start":{"line":19,"column":0},"end":{"line":19,"column":10}},"19":{"start":{"line":20,"column":0},"end":{"line":20,"column":8}},"20":{"start":{"line":21,"column":0},"end":{"line":21,"column":2}},"22":{"start":{"line":23,"column":0},"end":{"line":23,"column":43}},"24":{"start":{"line":25,"column":0},"end":{"line":25,"column":86}},"25":{"start":{"line":26,"column":0},"end":{"line":26,"column":92}},"27":{"start":{"line":28,"column":0},"end":{"line":28,"column":21}},"28":{"start":{"line":29,"column":0},"end":{"line":29,"column":74}},"29":{"start":{"line":30,"column":0},"end":{"line":30,"column":15}},"30":{"start":{"line":31,"column":0},"end":{"line":31,"column":7}},"31":{"start":{"line":32,"column":0},"end":{"line":32,"column":19}},"32":{"start":{"line":33,"column":0},"end":{"line":33,"column":19}},"33":{"start":{"line":34,"column":0},"end":{"line":34,"column":38}},"34":{"start":{"line":35,"column":0},"end":{"line":35,"column":32}},"35":{"start":{"line":36,"column":0},"end":{"line":36,"column":23}},"36":{"start":{"line":37,"column":0},"end":{"line":37,"column":21}},"37":{"start":{"line":38,"column":0},"end":{"line":38,"column":55}},"38":{"start":{"line":39,"column":0},"end":{"line":39,"column":8}},"39":{"start":{"line":40,"column":0},"end":{"line":40,"column":6}},"40":{"start":{"line":41,"column":0},"end":{"line":41,"column":4}},"42":{"start":{"line":43,"column":0},"end":{"line":43,"column":19}},"43":{"start":{"line":44,"column":0},"end":{"line":44,"column":21}},"44":{"start":{"line":45,"column":0},"end":{"line":45,"column":31}},"45":{"start":{"line":46,"column":0},"end":{"line":46,"column":14}},"46":{"start":{"line":47,"column":0},"end":{"line":47,"column":16}},"47":{"start":{"line":48,"column":0},"end":{"line":48,"column":58}},"48":{"start":{"line":49,"column":0},"end":{"line":49,"column":8}},"49":{"start":{"line":50,"column":0},"end":{"line":50,"column":15}},"50":{"start":{"line":51,"column":0},"end":{"line":51,"column":38}},"51":{"start":{"line":52,"column":0},"end":{"line":52,"column":8}},"52":{"start":{"line":53,"column":0},"end":{"line":53,"column":6}},"53":{"start":{"line":54,"column":0},"end":{"line":54,"column":13}},"54":{"start":{"line":55,"column":0},"end":{"line":55,"column":10}},"55":{"start":{"line":56,"column":0},"end":{"line":56,"column":38}},"56":{"start":{"line":57,"column":0},"end":{"line":57,"column":8}},"57":{"start":{"line":58,"column":0},"end":{"line":58,"column":10}},"58":{"start":{"line":59,"column":0},"end":{"line":59,"column":38}},"59":{"start":{"line":60,"column":0},"end":{"line":60,"column":8}},"60":{"start":{"line":61,"column":0},"end":{"line":61,"column":6}},"61":{"start":{"line":62,"column":0},"end":{"line":62,"column":4}},"63":{"start":{"line":64,"column":0},"end":{"line":64,"column":10}},"64":{"start":{"line":65,"column":0},"end":{"line":65,"column":52}},"65":{"start":{"line":66,"column":0},"end":{"line":66,"column":49}},"66":{"start":{"line":67,"column":0},"end":{"line":67,"column":10}},"68":{"start":{"line":69,"column":0},"end":{"line":69,"column":2}},"70":{"start":{"line":71,"column":0},"end":{"line":71,"column":25}}},"s":{"0":0,"1":0,"2":0,"13":0,"14":0,"15":0,"16":0,"17":0,"18":0,"19":0,"20":0,"22":0,"24":0,"25":0,"27":0,"28":0,"29":0,"30":0,"31":0,"32":0,"33":0,"34":0,"35":0,"36":0,"37":0,"38":0,"39":0,"40":0,"42":0,"43":0,"44":0,"45":0,"46":0,"47":0,"48":0,"49":0,"50":0,"51":0,"52":0,"53":0,"54":0,"55":0,"56":0,"57":0,"58":0,"59":0,"60":0,"61":0,"63":0,"64":0,"65":0,"66":0,"68":0,"70":0},"branchMap":{"0":{"type":"branch","line":1,"loc":{"start":{"line":1,"column":1517},"end":{"line":71,"column":25}},"locations":[{"start":{"line":1,"column":1517},"end":{"line":71,"column":25}}]}},"b":{"0":[0]},"fnMap":{"0":{"name":"(empty-report)","decl":{"start":{"line":1,"column":1517},"end":{"line":71,"column":25}},"loc":{"start":{"line":1,"column":1517},"end":{"line":71,"column":25}},"line":1}},"f":{"0":0}}
,"C:\\Users\\princ\\OneDrive\\Desktop\\XivTech\\src\\components\\PriceDisplay.jsx": {"path":"C:\\Users\\princ\\OneDrive\\Desktop\\XivTech\\src\\components\\PriceDisplay.jsx","all":false,"statementMap":{"0":{"start":{"line":1,"column":0},"end":{"line":1,"column":26}},"1":{"start":{"line":2,"column":0},"end":{"line":2,"column":39}},"4":{"start":{"line":5,"column":0},"end":{"line":5,"column":98}},"6":{"start":{"line":7,"column":0},"end":{"line":7,"column":42}},"7":{"start":{"line":8,"column":0},"end":{"line":8,"column":60}},"10":{"start":{"line":11,"column":0},"end":{"line":11,"column":21}},"11":{"start":{"line":12,"column":0},"end":{"line":12,"column":24}},"12":{"start":{"line":13,"column":0},"end":{"line":13,"column":19}},"13":{"start":{"line":14,"column":0},"end":{"line":14,"column":30}},"14":{"start":{"line":15,"column":0},"end":{"line":15,"column":19}},"15":{"start":{"line":16,"column":0},"end":{"line":16,"column":28}},"16":{"start":{"line":17,"column":0},"end":{"line":17,"column":19}},"17":{"start":{"line":18,"column":0},"end":{"line":18,"column":30}},"18":{"start":{"line":19,"column":0},"end":{"line":19,"column":19}},"19":{"start":{"line":20,"column":0},"end":{"line":20,"column":31}},"20":{"start":{"line":21,"column":0},"end":{"line":21,"column":19}},"21":{"start":{"line":22,"column":0},"end":{"line":22,"column":12}},"22":{"start":{"line":23,"column":0},"end":{"line":23,"column":19}},"23":{"start":{"line":24,"column":0},"end":{"line":24,"column":5}},"25":{"start":{"line":26,"column":0},"end":{"line":26,"column":67}},"26":{"start":{"line":27,"column":0},"end":{"line":27,"column":4}},"29":{"start":{"line":30,"column":0},"end":{"line":30,"column":48}},"30":{"start":{"line":31,"column":0},"end":{"line":31,"column":60}},"32":{"start":{"line":33,"column":0},"end":{"line":33,"column":37}},"33":{"start":{"line":34,"column":0},"end":{"line":34,"column":21}},"35":{"start":{"line":36,"column":0},"end":{"line":36,"column":27}},"36":{"start":{"line":37,"column":0},"end":{"line":37,"column":19}},"37":{"start":{"line":38,"column":0},"end":{"line":38,"column":33}},"38":{"start":{"line":39,"column":0},"end":{"line":39,"column":19}},"39":{"start":{"line":40,"column":0},"end":{"line":40,"column":31}},"40":{"start":{"line":41,"column":0},"end":{"line":41,"column":19}},"41":{"start":{"line":42,"column":0},"end":{"line":42,"column":33}},"42":{"start":{"line":43,"column":0},"end":{"line":43,"column":19}},"43":{"start":{"line":44,"column":0},"end":{"line":44,"column":34}},"44":{"start":{"line":45,"column":0},"end":{"line":45,"column":19}},"45":{"start":{"line":46,"column":0},"end":{"line":46,"column":12}},"46":{"start":{"line":47,"column":0},"end":{"line":47,"column":19}},"47":{"start":{"line":48,"column":0},"end":{"line":48,"column":5}},"49":{"start":{"line":50,"column":0},"end":{"line":50,"column":75}},"50":{"start":{"line":51,"column":0},"end":{"line":51,"column":4}},"53":{"start":{"line":54,"column":0},"end":{"line":54,"column":50}},"54":{"start":{"line":55,"column":0},"end":{"line":55,"column":60}},"55":{"start":{"line":56,"column":0},"end":{"line":56,"column":57}},"56":{"start":{"line":57,"column":0},"end":{"line":57,"column":4}},"58":{"start":{"line":59,"column":0},"end":{"line":59,"column":38}},"60":{"start":{"line":61,"column":0},"end":{"line":61,"column":10}},"61":{"start":{"line":62,"column":0},"end":{"line":62,"column":15}},"62":{"start":{"line":63,"column":0},"end":{"line":63,"column":57}},"63":{"start":{"line":64,"column":0},"end":{"line":64,"column":48}},"64":{"start":{"line":65,"column":0},"end":{"line":65,"column":75}},"65":{"start":{"line":66,"column":0},"end":{"line":66,"column":32}},"66":{"start":{"line":67,"column":0},"end":{"line":67,"column":83}},"67":{"start":{"line":68,"column":0},"end":{"line":68,"column":24}},"68":{"start":{"line":69,"column":0},"end":{"line":69,"column":16}},"70":{"start":{"line":71,"column":0},"end":{"line":71,"column":2}},"72":{"start":{"line":73,"column":0},"end":{"line":73,"column":29}},"78":{"start":{"line":79,"column":0},"end":{"line":79,"column":29}},"84":{"start":{"line":85,"column":0},"end":{"line":85,"column":35}},"88":{"start":{"line":89,"column":0},"end":{"line":89,"column":88}},"92":{"start":{"line":93,"column":0},"end":{"line":93,"column":32}},"96":{"start":{"line":97,"column":0},"end":{"line":97,"column":30}},"101":{"start":{"line":102,"column":0},"end":{"line":102,"column":34}},"105":{"start":{"line":106,"column":0},"end":{"line":106,"column":28}}},"s":{"0":1,"1":1,"4":1,"6":7,"7":7,"10":7,"11":7,"12":6,"13":7,"14":0,"15":1,"16":0,"17":1,"18":1,"19":1,"20":0,"21":0,"22":0,"23":0,"25":7,"26":7,"29":7,"30":7,"32":7,"33":7,"35":7,"36":5,"37":7,"38":0,"39":2,"40":1,"41":1,"42":0,"43":1,"44":0,"45":1,"46":1,"47":1,"49":7,"50":7,"53":7,"54":7,"55":7,"56":7,"58":7,"60":7,"61":7,"62":7,"63":7,"64":7,"65":7,"66":7,"67":7,"68":7,"70":7,"72":1,"78":1,"84":1,"88":1,"92":1,"96":1,"101":1,"105":1},"branchMap":{"0":{"type":"branch","line":5,"loc":{"start":{"line":5,"column":21},"end":{"line":71,"column":2}},"locations":[{"start":{"line":5,"column":21},"end":{"line":71,"column":2}}]},"1":{"type":"branch","line":7,"loc":{"start":{"line":7,"column":30},"end":{"line":27,"column":4}},"locations":[{"start":{"line":7,"column":30},"end":{"line":27,"column":4}}]},"2":{"type":"branch","line":8,"loc":{"start":{"line":8,"column":47},"end":{"line":8,"column":60}},"locations":[{"start":{"line":8,"column":47},"end":{"line":8,"column":60}}]},"3":{"type":"branch","line":12,"loc":{"start":{"line":12,"column":23},"end":{"line":14,"column":15}},"locations":[{"start":{"line":12,"column":23},"end":{"line":14,"column":15}}]},"4":{"type":"branch","line":14,"loc":{"start":{"line":14,"column":4},"end":{"line":24,"column":5}},"locations":[{"start":{"line":14,"column":4},"end":{"line":24,"column":5}}]},"5":{"type":"branch","line":14,"loc":{"start":{"line":14,"column":29},"end":{"line":16,"column":15}},"locations":[{"start":{"line":14,"column":29},"end":{"line":16,"column":15}}]},"6":{"type":"branch","line":16,"loc":{"start":{"line":16,"column":27},"end":{"line":18,"column":15}},"locations":[{"start":{"line":16,"column":27},"end":{"line":18,"column":15}}]},"7":{"type":"branch","line":20,"loc":{"start":{"line":20,"column":4},"end":{"line":24,"column":5}},"locations":[{"start":{"line":20,"column":4},"end":{"line":24,"column":5}}]},"8":{"type":"branch","line":26,"loc":{"start":{"line":26,"column":14},"end":{"line":26,"column":36}},"locations":[{"start":{"line":26,"column":14},"end":{"line":26,"column":36}}]},"9":{"type":"branch","line":26,"loc":{"start":{"line":26,"column":27},"end":{"line":26,"column":38}},"locations":[{"start":{"line":26,"column":27},"end":{"line":26,"column":38}}]},"10":{"type":"branch","line":30,"loc":{"start":{"line":30,"column":36},"end":{"line":51,"column":4}},"locations":[{"start":{"line":30,"column":36},"end":{"line":51,"column":4}}]},"11":{"type":"branch","line":31,"loc":{"start":{"line":31,"column":47},"end":{"line":31,"column":60}},"locations":[{"start":{"line":31,"column":47},"end":{"line":31,"column":60}}]},"12":{"type":"branch","line":36,"loc":{"start":{"line":36,"column":26},"end":{"line":38,"column":15}},"locations":[{"start":{"line":36,"column":26},"end":{"line":38,"column":15}}]},"13":{"type":"branch","line":38,"loc":{"start":{"line":38,"column":4},"end":{"line":48,"column":5}},"locations":[{"start":{"line":38,"column":4},"end":{"line":48,"column":5}}]},"14":{"type":"branch","line":38,"loc":{"start":{"line":38,"column":32},"end":{"line":40,"column":15}},"locations":[{"start":{"line":38,"column":32},"end":{"line":40,"column":15}}]},"15":{"type":"branch","line":40,"loc":{"start":{"line":40,"column":30},"end":{"line":48,"column":5}},"locations":[{"start":{"line":40,"column":30},"end":{"line":48,"column":5}}]},"16":{"type":"branch","line":42,"loc":{"start":{"line":42,"column":32},"end":{"line":44,"column":15}},"locations":[{"start":{"line":42,"column":32},"end":{"line":44,"column":15}}]},"17":{"type":"branch","line":44,"loc":{"start":{"line":44,"column":33},"end":{"line":46,"column":11}},"locations":[{"start":{"line":44,"column":33},"end":{"line":46,"column":11}}]},"18":{"type":"branch","line":50,"loc":{"start":{"line":50,"column":22},"end":{"line":50,"column":32}},"locations":[{"start":{"line":50,"column":22},"end":{"line":50,"column":32}}]},"19":{"type":"branch","line":50,"loc":{"start":{"line":50,"column":26},"end":{"line":50,"column":34}},"locations":[{"start":{"line":50,"column":26},"end":{"line":50,"column":34}}]},"20":{"type":"branch","line":54,"loc":{"start":{"line":54,"column":38},"end":{"line":57,"column":4}},"locations":[{"start":{"line":54,"column":38},"end":{"line":57,"column":4}}]},"21":{"type":"branch","line":55,"loc":{"start":{"line":55,"column":47},"end":{"line":55,"column":60}},"locations":[{"start":{"line":55,"column":47},"end":{"line":55,"column":60}}]},"22":{"type":"branch","line":56,"loc":{"start":{"line":56,"column":22},"end":{"line":56,"column":32}},"locations":[{"start":{"line":56,"column":22},"end":{"line":56,"column":32}}]},"23":{"type":"branch","line":56,"loc":{"start":{"line":56,"column":26},"end":{"line":56,"column":34}},"locations":[{"start":{"line":56,"column":26},"end":{"line":56,"column":34}}]},"24":{"type":"branch","line":89,"loc":{"start":{"line":89,"column":11},"end":{"line":89,"column":86}},"locations":[{"start":{"line":89,"column":11},"end":{"line":89,"column":86}}]},"25":{"type":"branch","line":89,"loc":{"start":{"line":89,"column":26},"end":{"line":89,"column":65}},"locations":[{"start":{"line":89,"column":26},"end":{"line":89,"column":65}}]},"26":{"type":"branch","line":89,"loc":{"start":{"line":89,"column":40},"end":{"line":89,"column":86}},"locations":[{"start":{"line":89,"column":40},"end":{"line":89,"column":86}}]}},"b":{"0":[7],"1":[7],"2":[0],"3":[6],"4":[1],"5":[0],"6":[0],"7":[0],"8":[6],"9":[1],"10":[7],"11":[0],"12":[5],"13":[2],"14":[0],"15":[1],"16":[0],"17":[0],"18":[6],"19":[1],"20":[7],"21":[0],"22":[6],"23":[1],"24":[7],"25":[6],"26":[1]},"fnMap":{"0":{"name":"PriceDisplay","decl":{"start":{"line":5,"column":21},"end":{"line":71,"column":2}},"loc":{"start":{"line":5,"column":21},"end":{"line":71,"column":2}},"line":5},"1":{"name":"formatPriceInternal","decl":{"start":{"line":7,"column":30},"end":{"line":27,"column":4}},"loc":{"start":{"line":7,"column":30},"end":{"line":27,"column":4}},"line":7},"2":{"name":"formatPriceChangeInternal","decl":{"start":{"line":30,"column":36},"end":{"line":51,"column":4}},"loc":{"start":{"line":30,"column":36},"end":{"line":51,"column":4}},"line":30},"3":{"name":"formatPercentChangeInternal","decl":{"start":{"line":54,"column":38},"end":{"line":57,"column":4}},"loc":{"start":{"line":54,"column":38},"end":{"line":57,"column":4}},"line":54}},"f":{"0":7,"1":7,"2":7,"3":7}}
,"C:\\Users\\princ\\OneDrive\\Desktop\\XivTech\\src\\components\\ThemeToggle.jsx": {"path":"C:\\Users\\princ\\OneDrive\\Desktop\\XivTech\\src\\components\\ThemeToggle.jsx","all":false,"statementMap":{"0":{"start":{"line":1,"column":0},"end":{"line":1,"column":51}},"1":{"start":{"line":2,"column":0},"end":{"line":2,"column":39}},"2":{"start":{"line":3,"column":0},"end":{"line":3,"column":91}},"4":{"start":{"line":5,"column":0},"end":{"line":5,"column":41}},"6":{"start":{"line":7,"column":0},"end":{"line":7,"column":27}},"8":{"start":{"line":9,"column":0},"end":{"line":9,"column":54}},"9":{"start":{"line":10,"column":0},"end":{"line":10,"column":63}},"10":{"start":{"line":11,"column":0},"end":{"line":11,"column":33}},"11":{"start":{"line":12,"column":0},"end":{"line":12,"column":5}},"14":{"start":{"line":15,"column":0},"end":{"line":15,"column":19}},"15":{"start":{"line":16,"column":0},"end":{"line":16,"column":48}},"16":{"start":{"line":17,"column":0},"end":{"line":17,"column":63}},"17":{"start":{"line":18,"column":0},"end":{"line":18,"column":41}},"18":{"start":{"line":19,"column":0},"end":{"line":19,"column":19}},"20":{"start":{"line":21,"column":0},"end":{"line":21,"column":29}},"21":{"start":{"line":22,"column":0},"end":{"line":22,"column":33}},"22":{"start":{"line":23,"column":0},"end":{"line":23,"column":4}},"24":{"start":{"line":25,"column":0},"end":{"line":25,"column":10}},"25":{"start":{"line":26,"column":0},"end":{"line":26,"column":21}},"26":{"start":{"line":27,"column":0},"end":{"line":27,"column":19}},"27":{"start":{"line":28,"column":0},"end":{"line":28,"column":33}},"28":{"start":{"line":29,"column":0},"end":{"line":29,"column":22}},"29":{"start":{"line":30,"column":0},"end":{"line":30,"column":23}},"30":{"start":{"line":31,"column":0},"end":{"line":31,"column":28}},"31":{"start":{"line":32,"column":0},"end":{"line":32,"column":32}},"32":{"start":{"line":33,"column":0},"end":{"line":33,"column":34}},"33":{"start":{"line":34,"column":0},"end":{"line":34,"column":12}},"34":{"start":{"line":35,"column":0},"end":{"line":35,"column":20}},"35":{"start":{"line":36,"column":0},"end":{"line":36,"column":23}},"36":{"start":{"line":37,"column":0},"end":{"line":37,"column":31}},"37":{"start":{"line":38,"column":0},"end":{"line":38,"column":20}},"38":{"start":{"line":39,"column":0},"end":{"line":39,"column":22}},"40":{"start":{"line":41,"column":0},"end":{"line":41,"column":2}},"42":{"start":{"line":43,"column":0},"end":{"line":43,"column":35}},"46":{"start":{"line":47,"column":0},"end":{"line":47,"column":33}},"53":{"start":{"line":54,"column":0},"end":{"line":54,"column":30}},"57":{"start":{"line":58,"column":0},"end":{"line":58,"column":29}},"61":{"start":{"line":62,"column":0},"end":{"line":62,"column":32}},"68":{"start":{"line":69,"column":0},"end":{"line":69,"column":33}},"82":{"start":{"line":83,"column":0},"end":{"line":83,"column":27}},"106":{"start":{"line":107,"column":0},"end":{"line":107,"column":27}}},"s":{"0":1,"1":1,"2":1,"4":1,"6":1,"8":6,"9":4,"10":4,"11":6,"14":6,"15":6,"16":6,"17":6,"18":6,"20":6,"21":2,"22":2,"24":6,"25":6,"26":6,"27":6,"28":6,"29":6,"30":6,"31":6,"32":6,"33":6,"34":6,"35":6,"36":6,"37":6,"38":6,"40":6,"42":1,"46":1,"53":1,"57":1,"61":1,"68":1,"82":1,"106":1},"branchMap":{"0":{"type":"branch","line":7,"loc":{"start":{"line":7,"column":20},"end":{"line":41,"column":2}},"locations":[{"start":{"line":7,"column":20},"end":{"line":41,"column":2}}]},"1":{"type":"branch","line":9,"loc":{"start":{"line":9,"column":47},"end":{"line":12,"column":3}},"locations":[{"start":{"line":9,"column":47},"end":{"line":12,"column":3}}
[...]
ns":[{"start":{"line":36,"column":4},"end":{"line":38,"column":4}}]},"6":{"type":"branch","line":38,"loc":{"start":{"line":38,"column":4},"end":{"line":41,"column":3}},"locations":[{"start":{"line":38,"column":4},"end":{"line":41,"column":3}}]},"7":{"type":"branch","line":48,"loc":{"start":{"line":48,"column":38},"end":{"line":54,"column":2}},"locations":[{"start":{"line":48,"column":38},"end":{"line":54,"column":2}}]},"8":{"type":"branch","line":51,"loc":{"start":{"line":51,"column":4},"end":{"line":53,"column":3}},"locations":[{"start":{"line":51,"column":4},"end":{"line":53,"column":3}}]},"9":{"type":"branch","line":73,"loc":{"start":{"line":73,"column":36},"end":{"line":75,"column":2}},"locations":[{"start":{"line":73,"column":36},"end":{"line":75,"column":2}}]},"10":{"type":"branch","line":81,"loc":{"start":{"line":81,"column":36},"end":{"line":83,"column":2}},"locations":[{"start":{"line":81,"column":36},"end":{"line":83,"column":2}}]},"11":{"type":"branch","line":89,"loc":{"start":{"line":89,"column":34},"end":{"line":91,"column":2}},"locations":[{"start":{"line":89,"column":34},"end":{"line":91,"column":2}}]},"12":{"type":"branch","line":97,"loc":{"start":{"line":97,"column":34},"end":{"line":99,"column":2}},"locations":[{"start":{"line":97,"column":34},"end":{"line":99,"column":2}}]},"13":{"type":"branch","line":105,"loc":{"start":{"line":105,"column":40},"end":{"line":107,"column":2}},"locations":[{"start":{"line":105,"column":40},"end":{"line":107,"column":2}}]},"14":{"type":"branch","line":113,"loc":{"start":{"line":113,"column":40},"end":{"line":115,"column":2}},"locations":[{"start":{"line":113,"column":40},"end":{"line":115,"column":2}}]},"15":{"type":"branch","line":121,"loc":{"start":{"line":121,"column":34},"end":{"line":123,"column":2}},"locations":[{"start":{"line":121,"column":34},"end":{"line":123,"column":2}}]},"16":{"type":"branch","line":129,"loc":{"start":{"line":129,"column":34},"end":{"line":131,"column":2}},"locations":[{"start":{"line":129,"column":34},"end":{"line":131,"column":2}}]},"17":{"type":"branch","line":136,"loc":{"start":{"line":136,"column":31},"end":{"line":138,"column":2}},"locations":[{"start":{"line":136,"column":31},"end":{"line":138,"column":2}}]},"18":{"type":"branch","line":144,"loc":{"start":{"line":144,"column":28},"end":{"line":146,"column":2}},"locations":[{"start":{"line":144,"column":28},"end":{"line":146,"column":2}}]}},"b":{"0":[13],"1":[1],"2":[11],"3":[9],"4":[3],"5":[8],"6":[0],"7":[1],"8":[0],"9":[1],"10":[1],"11":[1],"12":[1],"13":[1],"14":[1],"15":[1],"16":[1],"17":[1],"18":[1]},"fnMap":{"0":{"name":"saveToLocalStorage","decl":{"start":{"line":16,"column":34},"end":{"line":23,"column":2}},"loc":{"start":{"line":16,"column":34},"end":{"line":23,"column":2}},"line":16},"1":{"name":"loadFromLocalStorage","decl":{"start":{"line":31,"column":36},"end":{"line":42,"column":2}},"loc":{"start":{"line":31,"column":36},"end":{"line":42,"column":2}},"line":31},"2":{"name":"removeFromLocalStorage","decl":{"start":{"line":48,"column":38},"end":{"line":54,"column":2}},"loc":{"start":{"line":48,"column":38},"end":{"line":54,"column":2}},"line":48},"3":{"name":"clearLocalStorage","decl":{"start":{"line":59,"column":33},"end":{"line":67,"column":2}},"loc":{"start":{"line":59,"column":33},"end":{"line":67,"column":2}},"line":59},"4":{"name":"saveFilterPreference","decl":{"start":{"line":73,"column":36},"end":{"line":75,"column":2}},"loc":{"start":{"line":73,"column":36},"end":{"line":75,"column":2}},"line":73},"5":{"name":"loadFilterPreference","decl":{"start":{"line":81,"column":36},"end":{"line":83,"column":2}},"loc":{"start":{"line":81,"column":36},"end":{"line":83,"column":2}},"line":81},"6":{"name":"saveSortPreference","decl":{"start":{"line":89,"column":34},"end":{"line":91,"column":2}},"loc":{"start":{"line":89,"column":34},"end":{"line":91,"column":2}},"line":89},"7":{"name":"loadSortPreference","decl":{"start":{"line":97,"column":34},"end":{"line":99,"column":2}},"loc":{"start":{"line":97,"column":34},"end":{"line":99,"column":2}},"line":97},"8":{"name":"saveDataSourcePreference","decl":{"start":{"line":105,"column":40},"end":{"line":107,"column":2}},"loc":{"start":{"line":105,"column":40},"end":{"line":107,"column":2}},"line":105},"9":{"name":"loadDataSourcePreference","decl":{"start":{"line":113,"column":40},"end":{"line":115,"column":2}},"loc":{"start":{"line":113,"column":40},"end":{"line":115,"column":2}},"line":113},"10":{"name":"saveStarredCryptos","decl":{"start":{"line":121,"column":34},"end":{"line":123,"column":2}},"loc":{"start":{"line":121,"column":34},"end":{"line":123,"column":2}},"line":121},"11":{"name":"loadStarredCryptos","decl":{"start":{"line":129,"column":34},"end":{"line":131,"column":2}},"loc":{"start":{"line":129,"column":34},"end":{"line":131,"column":2}},"line":129},"12":{"name":"updateLastVisit","decl":{"start":{"line":136,"column":31},"end":{"line":138,"column":2}},"loc":{"start":{"line":136,"column":31},"end":{"line":138,"column":2}},"line":136},"13":{"name":"getLastVisit","decl":{"start":{"line":144,"column":28},"end":{"line":146,"column":2}},"loc":{"start":{"line":144,"column":28},"end":{"line":146,"column":2}},"line":144}},"f":{"0":13,"1":11,"2":1,"3":0,"4":1,"5":1,"6":1,"7":1,"8":1,"9":1,"10":1,"11":1,"12":1,"13":1}}
,"C:\\Users\\princ\\OneDrive\\Desktop\\XivTech\\src\\services\\mockData.js": {"path":"C:\\Users\\princ\\OneDrive\\Desktop\\XivTech\\src\\services\\mockData.js","all":false,"statementMap":{"0":{"start":{"line":1,"column":0},"end":{"line":1,"column":21}},"1":{"start":{"line":2,"column":0},"end":{"line":2,"column":27}},"2":{"start":{"line":3,"column":0},"end":{"line":3,"column":3}},"3":{"start":{"line":4,"column":0},"end":{"line":4,"column":10}},"4":{"start":{"line":5,"column":0},"end":{"line":5,"column":20}},"5":{"start":{"line":6,"column":0},"end":{"line":6,"column":18}},"6":{"start":{"line":7,"column":0},"end":{"line":7,"column":74}},"7":{"start":{"line":8,"column":0},"end":{"line":8,"column":22}},"8":{"start":{"line":9,"column":0},"end":{"line":9,"column":21}},"9":{"start":{"line":10,"column":0},"end":{"line":10,"column":20}},"10":{"start":{"line":11,"column":0},"end":{"line":11,"column":18}},"11":{"start":{"line":12,"column":0},"end":{"line":12,"column":19}},"12":{"start":{"line":13,"column":0},"end":{"line":13,"column":19}},"13":{"start":{"line":14,"column":0},"end":{"line":14,"column":28}},"14":{"start":{"line":15,"column":0},"end":{"line":15,"column":27}},"15":{"start":{"line":16,"column":0},"end":{"line":16,"column":32}},"16":{"start":{"line":17,"column":0},"end":{"line":17,"column":24}},"17":{"start":{"line":18,"column":0},"end":{"line":18,"column":68}},"18":{"start":{"line":19,"column":0},"end":{"line":19,"column":4}},"19":{"start":{"line":20,"column":0},"end":{"line":20,"column":3}},"20":{"start":{"line":21,"column":0},"end":{"line":21,"column":10}},"21":{"start":{"line":22,"column":0},"end":{"line":22,"column":21}},"22":{"start":{"line":23,"column":0},"end":{"line":23,"column":18}},"23":{"start":{"line":24,"column":0},"end":{"line":24,"column":77}},"24":{"start":{"line":25,"column":0},"end":{"line":25,"column":22}},"25":{"start":{"line":26,"column":0},"end":{"line":26,"column":21}},"26":{"start":{"line":27,"column":0},"end":{"line":27,"column":19}},"27":{"start":{"line":28,"column":0},"end":{"line":28,"column":19}},"28":{"start":{"line":29,"column":0},"end":{"line":29,"column":19}},"29":{"start":{"line":30,"column":0},"end":{"line":30,"column":18}},"30":{"start":{"line":31,"column":0},"end":{"line":31,"column":28}},"31":{"start":{"line":32,"column":0},"end":{"line":32,"column":27}},"32":{"start":{"line":33,"column":0},"end":{"line":33,"column":33}},"33":{"start":{"line":34,"column":0},"end":{"line":34,"column":58}},"34":{"start":{"line":35,"column":0},"end":{"line":35,"column":61}},"35":{"start":{"line":36,"column":0},"end":{"line":36,"column":4}},"36":{"start":{"line":37,"column":0},"end":{"line":37,"column":3}},"37":{"start":{"line":38,"column":0},"end":{"line":38,"column":10}},"38":{"start":{"line":39,"column":0},"end":{"line":39,"column":19}},"39":{"start":{"line":40,"column":0},"end":{"line":40,"column":19}},"40":{"start":{"line":41,"column":0},"end":{"line":41,"column":75}},"41":{"start":{"line":42,"column":0},"end":{"line":42,"column":22}},"42":{"start":{"line":43,"column":0},"end":{"line":43,"column":21}},"43":{"start":{"line":44,"column":0},"end":{"line":44,"column":16}},"44":{"start":{"line":45,"column":0},"end":{"line":45,"column":19}},"45":{"start":{"line":46,"column":0},"end":{"line":46,"column":21}},"46":{"start":{"line":47,"column":0},"end":{"line":47,"column":19}},"47":{"start":{"line":48,"column":0},"end":{"line":48,"column":27}},"48":{"start":{"line":49,"column":0},"end":{"line":49,"column":27}},"49":{"start":{"line":50,"column":0},"end":{"line":50,"column":35}},"50":{"start":{"line":51,"column":0},"end":{"line":51,"column":20}},"51":{"start":{"line":52,"column":0},"end":{"line":52,"column":61}},"52":{"start":{"line":53,"column":0},"end":{"line":53,"column":4}},"53":{"start":{"line":54,"column":0},"end":{"line":54,"column":3}},"54":{"start":{"line":55,"column":0},"end":{"line":55,"column":10}},"55":{"start":{"line":56,"column":0},"end":{"line":56,"column":25}},"56":{"start":{"line":57,"column":0},"end":{"line":57,"column":18}},"57":{"start":{"line":58,"column":0},"end":{"line":58,"column":81}},"58":{"start":{"line":59,"column":0},"end":{"line":59,"column":22}},"59":{"start":{"line":60,"column":0},"end":{"line":60,"column":21}},"60":{"start":{"line":61,"column":0},"end":{"line":61,"column":18}},"61":{"start":{"line":62,"column":0},"end":{"line":62,"column":18}},"62":{"start":{"line":63,"column":0},"end":{"line":63,"column":20}},"63":{"start":{"line":64,"column":0},"end":{"line":64,"column":18}},"64":{"start":{"line":65,"column":0},"end":{"line":65,"column":27}},"65":{"start":{"line":66,"column":0},"end":{"line":66,"column":26}},"66":{"start":{"line":67,"column":0},"end":{"line":67,"column":33}},"67":{"start":{"line":68,"column":0},"end":{"line":68,"column":25}},"68":{"start":{"line":69,"column":0},"end":{"line":69,"column":54}},"69":{"start":{"line":70,"column":0},"end":{"line":70,"column":4}},"70":{"start":{"line":71,"column":0},"end":{"line":71,"column":3}},"71":{"start":{"line":72,"column":0},"end":{"line":72,"column":10}},"72":{"start":{"line":73,"column":0},"end":{"line":73,"column":19}},"73":{"start":{"line":74,"column":0},"end":{"line":74,"column":18}},"74":{"start":{"line":75,"column":0},"end":{"line":75,"column":76}},"75":{"start":{"line":76,"column":0},"end":{"line":76,"column":22}},"76":{"start":{"line":77,"column":0},"end":{"line":77,"column":21}},"77":{"start":{"line":78,"column":0},"end":{"line":78,"column":18}},"78":{"start":{"line":79,"column":0},"end":{"line":79,"column":18}},"79":{"start":{"line":80,"column":0},"end":{"line":80,"column":19}},"80":{"start":{"line":81,"column":0},"end":{"line":81,"column":19}},"81":{"start":{"line":82,"column":0},"end":{"line":82,"column":27}},"82":{"start":{"line":83,"column":0},"end":{"line":83,"column":26}},"83":{"start":{"line":84,"column":0},"end":{"line":84,"column":33}},"84":{"start":{"line":85,"column":0},"end":{"line":85,"column":20}},"85":{"start":{"line":86,"column":0},"end":{"line":86,"column":54}},"86":{"start":{"line":87,"column":0},"end":{"line":87,"column":4}},"87":{"start":{"line":88,"column":0},"end":{"line":88,"column":2}},"89":{"start":{"line":90,"column":0},"end":{"line":90,"column":53}},"90":{"start":{"line":91,"column":0},"end":{"line":91,"column":28}},"91":{"start":{"line":92,"column":0},"end":{"line":92,"column":31}},"92":{"start":{"line":93,"column":0},"end":{"line":93,"column":19}},"93":{"start":{"line":94,"column":0},"end":{"line":94,"column":31}},"94":{"start":{"line":95,"column":0},"end":{"line":95,"column":25}},"95":{"start":{"line":96,"column":0},"end":{"line":96,"column":29}},"96":{"start":{"line":97,"column":0},"end":{"line":97,"column":3}},"98":{"start":{"line":99,"column":0},"end":{"line":99,"column":13}},"99":{"start":{"line":100,"column":0},"end":{"line":100,"column":28}},"100":{"start":{"line":101,"column":0},"end":{"line":101,"column":30}},"101":{"start":{"line":102,"column":0},"end":{"line":102,"column":41}},"102":{"start":{"line":103,"column":0},"end":{"line":103,"column":25}},"103":{"start":{"line":104,"column":0},"end":{"line":104,"column":41}},"104":{"start":{"line":105,"column":0},"end":{"line":105,"column":54}},"105":{"start":{"line":106,"column":0},"end":{"line":106,"column":5}},"106":{"start":{"line":107,"column":0},"end":{"line":107,"column":3}},"108":{"start":{"line":109,"column":0},"end":{"line":109,"column":16}},"109":{"start":{"line":110,"column":0},"end":{"line":110,"column":27}},"110":{"start":{"line":111,"column":0},"end":{"line":111,"column":35}},"111":{"start":{"line":112,"column":0},"end":{"line":112,"column":31}},"112":{"start":{"line":113,"column":0},"end":{"line":113,"column":59}},"113":{"start":{"line":114,"column":0},"end":{"line":114,"column":5}},"114":{"start":{"line":115,"column":0},"end":{"line":115,"column":3}},"115":{"start":{"line":116,"column":0},"end":{"line":116,"column":1}}},"s":{"0":1,"1":1,"2":1,"3":1,"4":1,"5":1,"6":1,"7":1,"8":1,"9":1,"10":1,"11":1,"12":1,"13":1,"14":1,"15":1,"16":1,"17":1,"18":1,"19":1,"20":1,"21":1,"22":1,"23":1,"24":1,"25":1,"26":1,"27":1,"28":1,"29":1,"30":1,"31":1,"32":1,"33":1,"34":1,"35":1,"36":1,"37":1,"38":1,"39":1,"40":1,"41":1,"42":1,"43":1,"44":1,"45":1,"46":1,"47":1,"48":1,"49":1,"50":1,"51":1,"52":1,"53":1,"54":1,"55":1,"56":1,"57":1,"58":1,"59":1,"60":1,"61":1,"62":1,"63":1,"64":1,"65":1,"66":1,"67":1,"68":1,"69":1,"70":1,"71":1,"72":1,"73":1,"74":1,"75":1,"76":1,"77":1,"78":1,"79":1,"80":1,"81":1,"82":1,"83":1,"84":1,"85":1,"86":1,"87":1,"89":1,"90":1,"91":1,"92":0,"93":0,"94":0,"95":0,"96":0,"98":1,"99":0,"100":0,"101":0,"102":0,"103":0,"104":0,"105":0,"106":0,"108":1,"109":0,"110":0,"111":0,"112":0,"113":0,"114":0,"115":1},"branchMap":{},"b":{},"fnMap":{"0":{"name":"MockWebSocket","decl":{"start":{"line":92,"column":2},"end":{"line":97,"column":3}},"loc":{"start":{"line":92,"column":2},"end":{"line":97,"column":3}},"line":92},"1":{"name":"connect","decl":{"start":{"line":99,"column":2},"end":{"line":107,"column":3}},"loc":{"start":{"line":99,"column":2},"end":{"line":107,"column":3}},"line":99},"2":{"name":"disconnect","decl":{"start":{"line":109,"column":2},"end":{"line":115,"column":3}},"loc":{"start":{"line":109,"column":2},"end":{"line":115,"column":3}},"line":109}},"f":{"0":0,"1":0,"2":0}}
,"C:\\Users\\princ\\OneDrive\\Desktop\\XivTech\\src\\utils\\formatters.js": {"path":"C:\\Users\\princ\\OneDrive\\Desktop\\XivTech\\src\\utils\\formatters.js","all":true,"statementMap":{"0":{"start":{"line":1,"column":0},"end":{"line":1,"column":61}},"1":{"start":{"line":2,"column":0},"end":{"line":2,"column":70}},"2":{"start":{"line":3,"column":0},"end":{"line":3,"column":58}},"4":{"start":{"line":5,"column":0},"end":{"line":5,"column":41}},"5":{"start":{"line":6,"column":0},"end":{"line":6,"column":21}},"6":{"start":{"line":7,"column":0},"end":{"line":7,"column":58}},"7":{"start":{"line":8,"column":0},"end":{"line":8,"column":28}},"8":{"start":{"line":9,"column":0},"end":{"line":9,"column":58}},"9":{"start":{"line":10,"column":0},"end":{"line":10,"column":28}},"10":{"start":{"line":11,"column":0},"end":{"line":11,"column":58}},"11":{"start":{"line":12,"column":0},"end":{"line":12,"column":3}},"13":{"start":{"line":14,"column":0},"end":{"line":14,"column":24}},"14":{"start":{"line":15,"column":0},"end":{"line":15,"column":47}},"15":{"start":{"line":16,"column":0},"end":{"line":16,"column":2}},"17":{"start":{"line":18,"column":0},"end":{"line":18,"column":57}},"18":{"start":{"line":19,"column":0},"end":{"line":19,"column":53}},"19":{"start":{"line":20,"column":0},"end":{"line":20,"column":58}},"21":{"start":{"line":22,"column":0},"end":{"line":22,"column":50}},"22":{"start":{"line":23,"column":0},"end":{"line":23,"column":19}},"23":{"start":{"line":24,"column":0},"end":{"line":24,"column":22}},"24":{"start":{"line":25,"column":0},"end":{"line":25,"column":17}},"25":{"start":{"line":26,"column":0},"end":{"line":26,"column":28}},"26":{"start":{"line":27,"column":0},"end":{"line":27,"column":17}},"27":{"start":{"line":28,"column":0},"end":{"line":28,"column":26}},"28":{"start":{"line":29,"column":0},"end":{"line":29,"column":17}},"29":{"start":{"line":30,"column":0},"end":{"line":30,"column":28}},"30":{"start":{"line":31,"column":0},"end":{"line":31,"column":17}},"31":{"start":{"line":32,"column":0},"end":{"line":32,"column":29}},"32":{"start":{"line":33,"column":0},"end":{"line":33,"column":17}},"33":{"start":{"line":34,"column":0},"end":{"line":34,"column":10}},"34":{"start":{"line":35,"column":0},"end":{"line":35,"column":17}},"35":{"start":{"line":36,"column":0},"end":{"line":36,"column":3}},"37":{"start":{"line":38,"column":0},"end":{"line":38,"column":49}},"38":{"start":{"line":39,"column":0},"end":{"line":39,"column":2}},"40":{"start":{"line":41,"column":0},"end":{"line":41,"column":37}},"41":{"start":{"line":42,"column":0},"end":{"line":42,"column":44}},"42":{"start":{"line":43,"column":0},"end":{"line":43,"column":58}},"43":{"start":{"line":44,"column":0},"end":{"line":44,"column":55}},"44":{"start":{"line":45,"column":0},"end":{"line":45,"column":2}},"46":{"start":{"line":47,"column":0},"end":{"line":47,"column":65}},"47":{"start":{"line":48,"column":0},"end":{"line":48,"column":59}},"48":{"start":{"line":49,"column":0},"end":{"line":49,"column":58}},"50":{"start":{"line":51,"column":0},"end":{"line":51,"column":53}},"51":{"start":{"line":52,"column":0},"end":{"line":52,"column":35}},"52":{"start":{"line":53,"column":0},"end":{"line":53,"column":19}},"54":{"start":{"line":55,"column":0},"end":{"line":55,"column":25}},"55":{"start":{"line":56,"column":0},"end":{"line":56,"column":17}},"56":{"start":{"line":57,"column":0},"end":{"line":57,"column":31}},"57":{"start":{"line":58,"column":0},"end":{"line":58,"column":17}},"58":{"start":{"line":59,"column":0},"end":{"line":59,"column":29}},"59":{"start":{"line":60,"column":0},"end":{"line":60,"column":17}},"60":{"start":{"line":61,"column":0},"end":{"line":61,"column":31}},"61":{"start":{"line":62,"column":0},"end":{"line":62,"column":17}},"62":{"start":{"line":63,"column":0},"end":{"line":63,"column":32}},"63":{"start":{"line":64,"column":0},"end":{"line":64,"column":17}},"64":{"start":{"line":65,"column":0},"end":{"line":65,"column":10}},"65":{"start":{"line":66,"column":0},"end":{"line":66,"column":17}},"66":{"start":{"line":67,"column":0},"end":{"line":67,"column":3}},"68":{"start":{"line":69,"column":0},"end":{"line":69,"column":73}},"69":{"start":{"line":70,"column":0},"end":{"line":70,"column":2}},"71":{"start":{"line":72,"column":0},"end":{"line":72,"column":35}},"72":{"start":{"line":73,"column":0},"end":{"line":73,"column":40}},"73":{"start":{"line":74,"column":0},"end":{"line":74,"column":58}},"74":{"start":{"line":75,"column":0},"end":{"line":75,"column":32}},"75":{"start":{"line":76,"column":0},"end":{"line":76,"column":2}}},"s":{"0":0,"1":0,"2":0,"4":0,"5":0,"6":0,"7":0,"8":0,"9":0,"10":0,"11":0,"13":0,"14":0,"15":0,"17":0,"18":0,"19":0,"21":0,"22":0,"23":0,"24":0,"25":0,"26":0,"27":0,"28":0,"29":0,"30":0,"31":0,"32":0,"33":0,"34":0,"35":0,"37":0,"38":0,"40":0,"41":0,"42":0,"43":0,"44":0,"46":0,"47":0,"48":0,"50":0,"51":0,"52":0,"54":0,"55":0,"56":0,"57":0,"58":0,"59":0,"60":0,"61":0,"62":0,"63":0,"64":0,"65":0,"66":0,"68":0,"69":0,"71":0,"72":0,"73":0,"74":0,"75":0},"branchMap":{"0":{"type":"branch","line":1,"loc":{"start":{"line":1,"column":2158},"end":{"line":76,"column":2}},"locations":[{"start":{"line":1,"column":2158},"end":{"line":76,"column":2}}]}},"b":{"0":[0]},"fnMap":{"0":{"name":"(empty-report)","decl":{"start":{"line":1,"column":2158},"end":{"line":76,"column":2}},"loc":{"start":{"line":1,"column":2158},"end":{"line":76,"column":2}},"line":1}},"f":{"0":0}}
}
